01:09:04.698 TRACE internal.Graph -[Graph] ADDING NODE BaseTest.commonSetup(java.lang.String)[pri:0, instance:null] 1516409885
01:09:04.719 TRACE internal.Graph -[Graph] ================ SORTING
01:09:04.722 TRACE internal.Graph -[Graph] =============== DONE SORTING
01:09:04.722 TRACE internal.Graph -[Graph] ====== SORTED NODES
01:09:04.722 TRACE internal.Graph -[Graph] ====== END SORTED NODES
01:09:04.723 TRACE internal.Graph -[Graph] ADDING NODE BaseTest.commonTeardown()[pri:0, instance:null] 1736430018
01:09:04.723 TRACE internal.Graph -[Graph] ================ SORTING
01:09:04.723 TRACE internal.Graph -[Graph] =============== DONE SORTING
01:09:04.723 TRACE internal.Graph -[Graph] ====== SORTED NODES
01:09:04.723 TRACE internal.Graph -[Graph] ====== END SORTED NODES
01:09:04.727 TRACE internal.Graph -[Graph] ADDING NODE BaseTest.methodSetup()[pri:0, instance:null] 519821007
01:09:04.727 TRACE internal.Graph -[Graph] ================ SORTING
01:09:04.727 TRACE internal.Graph -[Graph] =============== DONE SORTING
01:09:04.727 TRACE internal.Graph -[Graph] ====== SORTED NODES
01:09:04.727 TRACE internal.Graph -[Graph] ====== END SORTED NODES
01:09:04.733 INFO  Utilities.Util -date and time :: 03_05_2024 01_09_04
01:09:04.933 TRACE internal.Graph -[Graph] ADDING NODE BaseTest.commonSetup(java.lang.String)[pri:0, instance:null] 1516409885
01:09:04.933 TRACE internal.Graph -[Graph] ================ SORTING
01:09:04.934 TRACE internal.Graph -[Graph] =============== DONE SORTING
01:09:04.934 TRACE internal.Graph -[Graph] ====== SORTED NODES
01:09:04.934 TRACE internal.Graph -[Graph] ====== END SORTED NODES
01:09:04.934 TRACE internal.Graph -[Graph] ADDING NODE BaseTest.commonTeardown()[pri:0, instance:null] 1736430018
01:09:04.935 TRACE internal.Graph -[Graph] ================ SORTING
01:09:04.935 TRACE internal.Graph -[Graph] =============== DONE SORTING
01:09:04.935 TRACE internal.Graph -[Graph] ====== SORTED NODES
01:09:04.935 TRACE internal.Graph -[Graph] ====== END SORTED NODES
01:09:04.936 TRACE internal.Graph -[Graph] ADDING NODE BaseTest.methodSetup()[pri:0, instance:null] 519821007
01:09:04.936 TRACE internal.Graph -[Graph] ================ SORTING
01:09:04.936 TRACE internal.Graph -[Graph] =============== DONE SORTING
01:09:04.936 TRACE internal.Graph -[Graph] ====== SORTED NODES
01:09:04.936 TRACE internal.Graph -[Graph] ====== END SORTED NODES
01:09:04.949 TRACE internal.Graph -[Graph] ADDING NODE LogInOutTest.setExcelFile()[pri:0, instance:null] 2074798429
01:09:04.950 TRACE internal.Graph -[Graph]   ADDING PREDECESSOR FOR LogInOutTest.setExcelFile()[pri:0, instance:null] ==> BaseTest.commonSetup(java.lang.String)[pri:0, instance:null]
01:09:04.950 TRACE internal.Graph -[Graph]   REMOVED BaseTest.commonSetup(java.lang.String)[pri:0, instance:null] FROM INDEPENDENT OBJECTS
01:09:04.951 TRACE internal.Graph -[Graph] ADDING NODE BaseTest.commonSetup(java.lang.String)[pri:0, instance:null] 1516409885
01:09:04.951 TRACE internal.Graph -[Graph] ================ SORTING
01:09:04.951 TRACE internal.Graph -[Graph]   ADDING PREDECESSOR FOR LogInOutTest.setExcelFile()[pri:0, instance:null] ==> BaseTest.commonSetup(java.lang.String)[pri:0, instance:null]
01:09:04.953 TRACE internal.Graph -[Graph]   REMOVED PRED BaseTest.commonSetup(java.lang.String)[pri:0, instance:null] FROM NODE LogInOutTest.setExcelFile()[pri:0, instance:null]
01:09:04.953 TRACE internal.Graph -[Graph] =============== DONE SORTING
01:09:04.953 TRACE internal.Graph -[Graph] ====== SORTED NODES
01:09:04.953 TRACE internal.Graph -[Graph]               BaseTest.commonSetup(java.lang.String)[pri:0, instance:null]
01:09:04.953 TRACE internal.Graph -[Graph]               LogInOutTest.setExcelFile()[pri:0, instance:null]
01:09:04.953 TRACE internal.Graph -[Graph] ====== END SORTED NODES
01:09:04.955 TRACE internal.Graph -[Graph] ADDING NODE BaseTest.commonTeardown()[pri:0, instance:null] 1736430018
01:09:04.955 TRACE internal.Graph -[Graph] ================ SORTING
01:09:04.955 TRACE internal.Graph -[Graph] =============== DONE SORTING
01:09:04.955 TRACE internal.Graph -[Graph] ====== SORTED NODES
01:09:04.955 TRACE internal.Graph -[Graph] ====== END SORTED NODES
01:09:04.957 TRACE internal.Graph -[Graph] ADDING NODE BaseTest.methodSetup()[pri:0, instance:null] 519821007
01:09:04.957 TRACE internal.Graph -[Graph] ================ SORTING
01:09:04.957 TRACE internal.Graph -[Graph] =============== DONE SORTING
01:09:04.957 TRACE internal.Graph -[Graph] ====== SORTED NODES
01:09:04.957 TRACE internal.Graph -[Graph] ====== END SORTED NODES
01:09:04.960 TRACE internal.Graph -[Graph] ADDING NODE BaseTest.commonSetup(java.lang.String)[pri:0, instance:null] 1516409885
01:09:04.961 TRACE internal.Graph -[Graph] ================ SORTING
01:09:04.961 TRACE internal.Graph -[Graph] =============== DONE SORTING
01:09:04.961 TRACE internal.Graph -[Graph] ====== SORTED NODES
01:09:04.961 TRACE internal.Graph -[Graph] ====== END SORTED NODES
01:09:04.961 TRACE internal.Graph -[Graph] ADDING NODE BaseTest.commonTeardown()[pri:0, instance:null] 1736430018
01:09:04.962 TRACE internal.Graph -[Graph] ================ SORTING
01:09:04.962 TRACE internal.Graph -[Graph] =============== DONE SORTING
01:09:04.962 TRACE internal.Graph -[Graph] ====== SORTED NODES
01:09:04.962 TRACE internal.Graph -[Graph] ====== END SORTED NODES
01:09:04.963 TRACE internal.Graph -[Graph] ADDING NODE BaseTest.methodSetup()[pri:0, instance:null] 519821007
01:09:04.963 TRACE internal.Graph -[Graph] ================ SORTING
01:09:04.964 TRACE internal.Graph -[Graph] =============== DONE SORTING
01:09:04.964 TRACE internal.Graph -[Graph] ====== SORTED NODES
01:09:04.964 TRACE internal.Graph -[Graph] ====== END SORTED NODES
01:09:04.964 TRACE internal.Graph -[Graph] ADDING NODE LoginTest.afterMethod()[pri:0, instance:null] 1533821469
01:09:04.964 TRACE internal.Graph -[Graph] ================ SORTING
01:09:04.964 TRACE internal.Graph -[Graph] =============== DONE SORTING
01:09:04.965 TRACE internal.Graph -[Graph] ====== SORTED NODES
01:09:04.965 TRACE internal.Graph -[Graph] ====== END SORTED NODES
01:09:04.967 TRACE internal.Graph -[Graph] ADDING NODE BaseTest.commonSetup(java.lang.String)[pri:0, instance:null] 1516409885
01:09:04.967 TRACE internal.Graph -[Graph] ================ SORTING
01:09:04.967 TRACE internal.Graph -[Graph] =============== DONE SORTING
01:09:04.967 TRACE internal.Graph -[Graph] ====== SORTED NODES
01:09:04.967 TRACE internal.Graph -[Graph] ====== END SORTED NODES
01:09:04.968 TRACE internal.Graph -[Graph] ADDING NODE BaseTest.commonTeardown()[pri:0, instance:null] 1736430018
01:09:04.968 TRACE internal.Graph -[Graph] ================ SORTING
01:09:04.968 TRACE internal.Graph -[Graph] =============== DONE SORTING
01:09:04.968 TRACE internal.Graph -[Graph] ====== SORTED NODES
01:09:04.968 TRACE internal.Graph -[Graph] ====== END SORTED NODES
01:09:04.969 TRACE internal.Graph -[Graph] ADDING NODE BaseTest.methodSetup()[pri:0, instance:null] 519821007
01:09:04.969 TRACE internal.Graph -[Graph] ================ SORTING
01:09:04.969 TRACE internal.Graph -[Graph] =============== DONE SORTING
01:09:04.969 TRACE internal.Graph -[Graph] ====== SORTED NODES
01:09:04.969 TRACE internal.Graph -[Graph] ====== END SORTED NODES
01:09:04.970 TRACE internal.Graph -[Graph] ADDING NODE LogoutTest.afterMethod()[pri:0, instance:null] 393987208
01:09:04.970 TRACE internal.Graph -[Graph] ================ SORTING
01:09:04.970 TRACE internal.Graph -[Graph] =============== DONE SORTING
01:09:04.970 TRACE internal.Graph -[Graph] ====== SORTED NODES
01:09:04.971 TRACE internal.Graph -[Graph] ====== END SORTED NODES
01:09:04.974 TRACE internal.Graph -[Graph] ADDING NODE BaseTest.commonSetup(java.lang.String)[pri:0, instance:null] 1516409885
01:09:04.974 TRACE internal.Graph -[Graph] ADDING NODE VerifyAllTest.setExcelFile()[pri:0, instance:null] 1717412178
01:09:04.974 TRACE internal.Graph -[Graph]   ADDING PREDECESSOR FOR VerifyAllTest.setExcelFile()[pri:0, instance:null] ==> BaseTest.commonSetup(java.lang.String)[pri:0, instance:null]
01:09:04.974 TRACE internal.Graph -[Graph]   REMOVED BaseTest.commonSetup(java.lang.String)[pri:0, instance:null] FROM INDEPENDENT OBJECTS
01:09:04.974 TRACE internal.Graph -[Graph] ================ SORTING
01:09:04.974 TRACE internal.Graph -[Graph]   ADDING PREDECESSOR FOR VerifyAllTest.setExcelFile()[pri:0, instance:null] ==> BaseTest.commonSetup(java.lang.String)[pri:0, instance:null]
01:09:04.974 TRACE internal.Graph -[Graph]   REMOVED PRED BaseTest.commonSetup(java.lang.String)[pri:0, instance:null] FROM NODE VerifyAllTest.setExcelFile()[pri:0, instance:null]
01:09:04.975 TRACE internal.Graph -[Graph] =============== DONE SORTING
01:09:04.975 TRACE internal.Graph -[Graph] ====== SORTED NODES
01:09:04.975 TRACE internal.Graph -[Graph]               BaseTest.commonSetup(java.lang.String)[pri:0, instance:null]
01:09:04.975 TRACE internal.Graph -[Graph]               VerifyAllTest.setExcelFile()[pri:0, instance:null]
01:09:04.975 TRACE internal.Graph -[Graph] ====== END SORTED NODES
01:09:04.976 TRACE internal.Graph -[Graph] ADDING NODE BaseTest.commonTeardown()[pri:0, instance:null] 1736430018
01:09:04.976 TRACE internal.Graph -[Graph] ================ SORTING
01:09:04.976 TRACE internal.Graph -[Graph] =============== DONE SORTING
01:09:04.976 TRACE internal.Graph -[Graph] ====== SORTED NODES
01:09:04.976 TRACE internal.Graph -[Graph] ====== END SORTED NODES
01:09:04.977 TRACE internal.Graph -[Graph] ADDING NODE BaseTest.methodSetup()[pri:0, instance:null] 519821007
01:09:04.977 TRACE internal.Graph -[Graph] ================ SORTING
01:09:04.977 TRACE internal.Graph -[Graph] =============== DONE SORTING
01:09:04.977 TRACE internal.Graph -[Graph] ====== SORTED NODES
01:09:04.977 TRACE internal.Graph -[Graph] ====== END SORTED NODES
01:09:04.979 TRACE internal.Graph -[Graph] ADDING NODE AbstractTestNGCucumberTests.setUpClass(org.testng.ITestContext)[pri:0, instance:null] -393284817
01:09:04.979 TRACE internal.Graph -[Graph] ================ SORTING
01:09:04.979 TRACE internal.Graph -[Graph] =============== DONE SORTING
01:09:04.980 TRACE internal.Graph -[Graph] ====== SORTED NODES
01:09:04.980 TRACE internal.Graph -[Graph] ====== END SORTED NODES
01:09:04.980 TRACE internal.Graph -[Graph] ADDING NODE AbstractTestNGCucumberTests.tearDownClass()[pri:0, instance:null] 1523153566
01:09:04.980 TRACE internal.Graph -[Graph] ================ SORTING
01:09:04.980 TRACE internal.Graph -[Graph] =============== DONE SORTING
01:09:04.980 TRACE internal.Graph -[Graph] ====== SORTED NODES
01:09:04.980 TRACE internal.Graph -[Graph] ====== END SORTED NODES
01:09:04.986 TRACE internal.Graph -[Graph] ADDING NODE LogInOutTest.validLoginTest(java.lang.String,java.lang.String)[pri:0, instance:com.wa.ModifiedOnline.TestCases.LogInOutTest@c1a4620] -809226607
01:09:04.986 TRACE internal.Graph -[Graph] ADDING NODE LogInOutTest.validLogutTest()[pri:0, instance:com.wa.ModifiedOnline.TestCases.LogInOutTest@c1a4620] 1685998539
01:09:04.987 TRACE internal.Graph -[Graph] ADDING NODE LoginTest.invalidLoginTest()[pri:0, instance:com.wa.ModifiedOnline.TestCases.LoginTest@76b0ae1b] -1817737355
01:09:04.987 TRACE internal.Graph -[Graph] ADDING NODE LoginTest.validLoginTest()[pri:0, instance:com.wa.ModifiedOnline.TestCases.LoginTest@76b0ae1b] -818359680
01:09:04.987 TRACE internal.Graph -[Graph] ADDING NODE LogoutTest.validLoginTest()[pri:0, instance:com.wa.ModifiedOnline.TestCases.LogoutTest@130a0f66] -1663484612
01:09:04.987 TRACE internal.Graph -[Graph] ADDING NODE VerifyAllTest.validLoginTest(java.lang.String,java.lang.String)[pri:1, instance:com.wa.ModifiedOnline.TestCases.VerifyAllTest@4c432866] -1482995094
01:09:04.987 TRACE internal.Graph -[Graph] ADDING NODE VerifyAllTest.getSearchResults()[pri:2, instance:com.wa.ModifiedOnline.TestCases.VerifyAllTest@4c432866] -821878643
01:09:04.987 TRACE internal.Graph -[Graph] ADDING NODE AbstractTestNGCucumberTests.runScenario(io.cucumber.testng.PickleWrapper,io.cucumber.testng.FeatureWrapper)[pri:0, instance:Cucumber.TestRunner@6105f8a3] 477421940
01:09:04.987 TRACE internal.Graph -[Graph] ================ SORTING
01:09:04.988 TRACE internal.Graph -[Graph] =============== DONE SORTING
01:09:04.988 TRACE internal.Graph -[Graph] ====== SORTED NODES
01:09:04.988 TRACE internal.Graph -[Graph] ====== END SORTED NODES
01:09:05.753 INFO  BaseTestCases.WebDriverFactory -driver binary ::C:\Users\kikatkar\girrepo\git-sample-repo\testng_Realtime\drivers\chromedriver.exe
01:09:05.965 DEBUG logging.InternalLoggerFactory -Using SLF4J as the default logging framework
01:09:05.973 DEBUG util.ResourceLeakDetector --Dio.netty.leakDetection.level: simple
01:09:05.973 DEBUG util.ResourceLeakDetector --Dio.netty.leakDetection.targetRecords: 4
01:09:05.979 DEBUG util.ResourceLeakDetectorFactory -Loaded default ResourceLeakDetector: io.netty.util.ResourceLeakDetector@3791f50e
01:09:06.004 DEBUG internal.PlatformDependent0 --Dio.netty.noUnsafe: false
01:09:06.005 DEBUG internal.PlatformDependent0 -Java version: 17
01:09:06.007 DEBUG internal.PlatformDependent0 -sun.misc.Unsafe.theUnsafe: available
01:09:06.007 DEBUG internal.PlatformDependent0 -sun.misc.Unsafe.copyMemory: available
01:09:06.008 DEBUG internal.PlatformDependent0 -sun.misc.Unsafe.storeFence: available
01:09:06.009 DEBUG internal.PlatformDependent0 -java.nio.Buffer.address: available
01:09:06.010 DEBUG internal.PlatformDependent0 -direct buffer constructor: unavailable
java.lang.UnsupportedOperationException: Reflective setAccessible(true) disabled
	at io.netty.util.internal.ReflectionUtil.trySetAccessible(ReflectionUtil.java:31) ~[netty-common-4.1.84.Final.jar:4.1.84.Final]
	at io.netty.util.internal.PlatformDependent0$5.run(PlatformDependent0.java:288) ~[netty-common-4.1.84.Final.jar:4.1.84.Final]
	at java.security.AccessController.doPrivileged(AccessController.java:318) ~[?:?]
	at io.netty.util.internal.PlatformDependent0.<clinit>(PlatformDependent0.java:282) ~[netty-common-4.1.84.Final.jar:4.1.84.Final]
	at io.netty.util.internal.PlatformDependent.isAndroid(PlatformDependent.java:333) ~[netty-common-4.1.84.Final.jar:4.1.84.Final]
	at io.netty.util.internal.PlatformDependent.<clinit>(PlatformDependent.java:88) ~[netty-common-4.1.84.Final.jar:4.1.84.Final]
	at io.netty.util.HashedWheelTimer.<init>(HashedWheelTimer.java:114) ~[netty-common-4.1.84.Final.jar:4.1.84.Final]
	at io.netty.util.HashedWheelTimer.<init>(HashedWheelTimer.java:251) ~[netty-common-4.1.84.Final.jar:4.1.84.Final]
	at io.netty.util.HashedWheelTimer.<init>(HashedWheelTimer.java:224) ~[netty-common-4.1.84.Final.jar:4.1.84.Final]
	at io.netty.util.HashedWheelTimer.<init>(HashedWheelTimer.java:203) ~[netty-common-4.1.84.Final.jar:4.1.84.Final]
	at org.asynchttpclient.DefaultAsyncHttpClient.newNettyTimer(DefaultAsyncHttpClient.java:111) ~[async-http-client-2.12.3.jar:?]
	at org.asynchttpclient.DefaultAsyncHttpClient.<init>(DefaultAsyncHttpClient.java:90) ~[async-http-client-2.12.3.jar:?]
	at org.asynchttpclient.Dsl.asyncHttpClient(Dsl.java:32) ~[async-http-client-2.12.3.jar:?]
	at org.openqa.selenium.remote.http.netty.NettyClient.createHttpClient(NettyClient.java:94) ~[selenium-remote-driver-4.7.2.jar:?]
	at org.openqa.selenium.remote.http.netty.NettyClient.<clinit>(NettyClient.java:47) ~[selenium-remote-driver-4.7.2.jar:?]
	at org.openqa.selenium.remote.http.netty.NettyClient$Factory.createClient(NettyClient.java:135) ~[selenium-remote-driver-4.7.2.jar:?]
	at org.openqa.selenium.remote.HttpCommandExecutor.<init>(HttpCommandExecutor.java:107) ~[selenium-remote-driver-4.7.2.jar:?]
	at org.openqa.selenium.remote.HttpCommandExecutor.<init>(HttpCommandExecutor.java:94) ~[selenium-remote-driver-4.7.2.jar:?]
	at org.openqa.selenium.remote.HttpCommandExecutor.<init>(HttpCommandExecutor.java:85) ~[selenium-remote-driver-4.7.2.jar:?]
	at org.openqa.selenium.remote.service.DriverCommandExecutor.<init>(DriverCommandExecutor.java:80) ~[selenium-remote-driver-4.7.2.jar:?]
	at org.openqa.selenium.chromium.ChromiumDriverCommandExecutor.<init>(ChromiumDriverCommandExecutor.java:35) ~[selenium-chromium-driver-4.7.2.jar:?]
	at org.openqa.selenium.chrome.ChromeDriver$ChromeDriverCommandExecutor.<init>(ChromeDriver.java:94) ~[selenium-chrome-driver-4.7.2.jar:?]
	at org.openqa.selenium.chrome.ChromeDriver.<init>(ChromeDriver.java:82) ~[selenium-chrome-driver-4.7.2.jar:?]
	at org.openqa.selenium.chrome.ChromeDriver.<init>(ChromeDriver.java:71) ~[selenium-chrome-driver-4.7.2.jar:?]
	at com.wa.ModifiedOnline.BaseTestCases.WebDriverFactory.getDriver(WebDriverFactory.java:46) ~[test-classes/:?]
	at com.wa.ModifiedOnline.BaseTestCases.BaseTest.commonSetup(BaseTest.java:34) ~[test-classes/:?]
	at Cucumber.StepDefinition.StepDefinitionLogin.open_website_click_on_log_in_link(StepDefinitionLogin.java:38) ~[test-classes/:?]
	at jdk.internal.reflect.NativeMethodAccessorImpl.invoke0(Native Method) ~[?:?]
	at jdk.internal.reflect.NativeMethodAccessorImpl.invoke(NativeMethodAccessorImpl.java:77) ~[?:?]
	at jdk.internal.reflect.DelegatingMethodAccessorImpl.invoke(DelegatingMethodAccessorImpl.java:43) ~[?:?]
	at java.lang.reflect.Method.invoke(Method.java:568) ~[?:?]
	at io.cucumber.java.Invoker.doInvoke(Invoker.java:66) ~[cucumber-java-7.11.2.jar:7.11.2]
	at io.cucumber.java.Invoker.invoke(Invoker.java:24) ~[cucumber-java-7.11.2.jar:7.11.2]
	at io.cucumber.java.AbstractGlueDefinition.invokeMethod(AbstractGlueDefinition.java:47) ~[cucumber-java-7.11.2.jar:7.11.2]
	at io.cucumber.java.JavaStepDefinition.execute(JavaStepDefinition.java:29) ~[cucumber-java-7.11.2.jar:7.11.2]
	at io.cucumber.core.runner.CoreStepDefinition.execute(CoreStepDefinition.java:66) ~[cucumber-core-7.11.2.jar:7.11.2]
	at io.cucumber.core.runner.PickleStepDefinitionMatch.runStep(PickleStepDefinitionMatch.java:63) ~[cucumber-core-7.11.2.jar:7.11.2]
	at io.cucumber.core.runner.ExecutionMode$1.execute(ExecutionMode.java:10) ~[cucumber-core-7.11.2.jar:7.11.2]
	at io.cucumber.core.runner.TestStep.executeStep(TestStep.java:84) ~[cucumber-core-7.11.2.jar:7.11.2]
	at io.cucumber.core.runner.TestStep.run(TestStep.java:56) ~[cucumber-core-7.11.2.jar:7.11.2]
	at io.cucumber.core.runner.PickleStepTestStep.run(PickleStepTestStep.java:51) ~[cucumber-core-7.11.2.jar:7.11.2]
	at io.cucumber.core.runner.TestCase.run(TestCase.java:84) ~[cucumber-core-7.11.2.jar:7.11.2]
	at io.cucumber.core.runner.Runner.runPickle(Runner.java:75) ~[cucumber-core-7.11.2.jar:7.11.2]
	at io.cucumber.testng.TestNGCucumberRunner.lambda$runScenario$1(TestNGCucumberRunner.java:132) ~[cucumber-testng-7.11.2.jar:7.11.2]
	at io.cucumber.core.runtime.CucumberExecutionContext.lambda$runTestCase$5(CucumberExecutionContext.java:130) ~[cucumber-core-7.11.2.jar:7.11.2]
	at io.cucumber.core.runtime.RethrowingThrowableCollector.executeAndThrow(RethrowingThrowableCollector.java:23) ~[cucumber-core-7.11.2.jar:7.11.2]
	at io.cucumber.core.runtime.CucumberExecutionContext.runTestCase(CucumberExecutionContext.java:130) ~[cucumber-core-7.11.2.jar:7.11.2]
	at io.cucumber.testng.TestNGCucumberRunner.runScenario(TestNGCucumberRunner.java:129) ~[cucumber-testng-7.11.2.jar:7.11.2]
	at io.cucumber.testng.AbstractTestNGCucumberTests.runScenario(AbstractTestNGCucumberTests.java:35) ~[cucumber-testng-7.11.2.jar:7.11.2]
	at jdk.internal.reflect.NativeMethodAccessorImpl.invoke0(Native Method) ~[?:?]
	at jdk.internal.reflect.NativeMethodAccessorImpl.invoke(NativeMethodAccessorImpl.java:77) ~[?:?]
	at jdk.internal.reflect.DelegatingMethodAccessorImpl.invoke(DelegatingMethodAccessorImpl.java:43) ~[?:?]
	at java.lang.reflect.Method.invoke(Method.java:568) ~[?:?]
	at org.testng.internal.invokers.MethodInvocationHelper.invokeMethod(MethodInvocationHelper.java:139) ~[testng-7.7.0.jar:7.7.0]
	at org.testng.internal.invokers.TestInvoker.invokeMethod(TestInvoker.java:677) ~[testng-7.7.0.jar:7.7.0]
	at org.testng.internal.invokers.TestInvoker.invokeTestMethod(TestInvoker.java:221) ~[testng-7.7.0.jar:7.7.0]
	at org.testng.internal.invokers.MethodRunner.runInSequence(MethodRunner.java:50) ~[testng-7.7.0.jar:7.7.0]
	at org.testng.internal.invokers.TestInvoker$MethodInvocationAgent.invoke(TestInvoker.java:969) ~[testng-7.7.0.jar:7.7.0]
	at org.testng.internal.invokers.TestInvoker.invokeTestMethods(TestInvoker.java:194) ~[testng-7.7.0.jar:7.7.0]
	at org.testng.internal.invokers.TestMethodWorker.invokeTestMethods(TestMethodWorker.java:148) ~[testng-7.7.0.jar:7.7.0]
	at org.testng.internal.invokers.TestMethodWorker.run(TestMethodWorker.java:128) ~[testng-7.7.0.jar:7.7.0]
	at java.util.ArrayList.forEach(ArrayList.java:1511) ~[?:?]
	at org.testng.TestRunner.privateRun(TestRunner.java:829) ~[testng-7.7.0.jar:7.7.0]
	at org.testng.TestRunner.run(TestRunner.java:602) ~[testng-7.7.0.jar:7.7.0]
	at org.testng.SuiteRunner.runTest(SuiteRunner.java:437) ~[testng-7.7.0.jar:7.7.0]
	at org.testng.SuiteRunner.runSequentially(SuiteRunner.java:431) ~[testng-7.7.0.jar:7.7.0]
	at org.testng.SuiteRunner.privateRun(SuiteRunner.java:391) ~[testng-7.7.0.jar:7.7.0]
	at org.testng.SuiteRunner.run(SuiteRunner.java:330) ~[testng-7.7.0.jar:7.7.0]
	at org.testng.SuiteRunnerWorker.runSuite(SuiteRunnerWorker.java:52) ~[testng-7.7.0.jar:7.7.0]
	at org.testng.SuiteRunnerWorker.run(SuiteRunnerWorker.java:95) ~[testng-7.7.0.jar:7.7.0]
	at org.testng.TestNG.runSuitesSequentially(TestNG.java:1256) ~[testng-7.7.0.jar:7.7.0]
	at org.testng.TestNG.runSuitesLocally(TestNG.java:1176) ~[testng-7.7.0.jar:7.7.0]
	at org.testng.TestNG.runSuites(TestNG.java:1099) ~[testng-7.7.0.jar:7.7.0]
	at org.testng.TestNG.run(TestNG.java:1067) ~[testng-7.7.0.jar:7.7.0]
	at org.apache.maven.surefire.testng.TestNGExecutor.run(TestNGExecutor.java:135) ~[surefire-testng-2.22.1.jar:2.22.1]
	at org.apache.maven.surefire.testng.TestNGDirectoryTestSuite.executeMulti(TestNGDirectoryTestSuite.java:193) ~[surefire-testng-2.22.1.jar:2.22.1]
	at org.apache.maven.surefire.testng.TestNGDirectoryTestSuite.execute(TestNGDirectoryTestSuite.java:94) ~[surefire-testng-2.22.1.jar:2.22.1]
	at org.apache.maven.surefire.testng.TestNGProvider.invoke(TestNGProvider.java:146) ~[surefire-testng-2.22.1.jar:2.22.1]
	at org.apache.maven.surefire.booter.ForkedBooter.invokeProviderInSameClassLoader(ForkedBooter.java:384) ~[surefire-booter-2.22.1.jar:2.22.1]
	at org.apache.maven.surefire.booter.ForkedBooter.runSuitesInProcess(ForkedBooter.java:345) ~[surefire-booter-2.22.1.jar:2.22.1]
	at org.apache.maven.surefire.booter.ForkedBooter.execute(ForkedBooter.java:126) ~[surefire-booter-2.22.1.jar:2.22.1]
	at org.apache.maven.surefire.booter.ForkedBooter.main(ForkedBooter.java:418) ~[surefire-booter-2.22.1.jar:2.22.1]
01:09:06.024 DEBUG internal.PlatformDependent0 -java.nio.Bits.unaligned: available, true
01:09:06.025 DEBUG internal.PlatformDependent0 -jdk.internal.misc.Unsafe.allocateUninitializedArray(int): unavailable
java.lang.IllegalAccessException: class io.netty.util.internal.PlatformDependent0$7 cannot access class jdk.internal.misc.Unsafe (in module java.base) because module java.base does not export jdk.internal.misc to unnamed module @5a45133e
	at jdk.internal.reflect.Reflection.newIllegalAccessException(Reflection.java:392) ~[?:?]
	at java.lang.reflect.AccessibleObject.checkAccess(AccessibleObject.java:674) ~[?:?]
	at java.lang.reflect.Method.invoke(Method.java:560) ~[?:?]
	at io.netty.util.internal.PlatformDependent0$7.run(PlatformDependent0.java:410) ~[netty-common-4.1.84.Final.jar:4.1.84.Final]
	at java.security.AccessController.doPrivileged(AccessController.java:318) ~[?:?]
	at io.netty.util.internal.PlatformDependent0.<clinit>(PlatformDependent0.java:401) ~[netty-common-4.1.84.Final.jar:4.1.84.Final]
	at io.netty.util.internal.PlatformDependent.isAndroid(PlatformDependent.java:333) ~[netty-common-4.1.84.Final.jar:4.1.84.Final]
	at io.netty.util.internal.PlatformDependent.<clinit>(PlatformDependent.java:88) ~[netty-common-4.1.84.Final.jar:4.1.84.Final]
	at io.netty.util.HashedWheelTimer.<init>(HashedWheelTimer.java:114) ~[netty-common-4.1.84.Final.jar:4.1.84.Final]
	at io.netty.util.HashedWheelTimer.<init>(HashedWheelTimer.java:251) ~[netty-common-4.1.84.Final.jar:4.1.84.Final]
	at io.netty.util.HashedWheelTimer.<init>(HashedWheelTimer.java:224) ~[netty-common-4.1.84.Final.jar:4.1.84.Final]
	at io.netty.util.HashedWheelTimer.<init>(HashedWheelTimer.java:203) ~[netty-common-4.1.84.Final.jar:4.1.84.Final]
	at org.asynchttpclient.DefaultAsyncHttpClient.newNettyTimer(DefaultAsyncHttpClient.java:111) ~[async-http-client-2.12.3.jar:?]
	at org.asynchttpclient.DefaultAsyncHttpClient.<init>(DefaultAsyncHttpClient.java:90) ~[async-http-client-2.12.3.jar:?]
	at org.asynchttpclient.Dsl.asyncHttpClient(Dsl.java:32) ~[async-http-client-2.12.3.jar:?]
	at org.openqa.selenium.remote.http.netty.NettyClient.createHttpClient(NettyClient.java:94) ~[selenium-remote-driver-4.7.2.jar:?]
	at org.openqa.selenium.remote.http.netty.NettyClient.<clinit>(NettyClient.java:47) ~[selenium-remote-driver-4.7.2.jar:?]
	at org.openqa.selenium.remote.http.netty.NettyClient$Factory.createClient(NettyClient.java:135) ~[selenium-remote-driver-4.7.2.jar:?]
	at org.openqa.selenium.remote.HttpCommandExecutor.<init>(HttpCommandExecutor.java:107) ~[selenium-remote-driver-4.7.2.jar:?]
	at org.openqa.selenium.remote.HttpCommandExecutor.<init>(HttpCommandExecutor.java:94) ~[selenium-remote-driver-4.7.2.jar:?]
	at org.openqa.selenium.remote.HttpCommandExecutor.<init>(HttpCommandExecutor.java:85) ~[selenium-remote-driver-4.7.2.jar:?]
	at org.openqa.selenium.remote.service.DriverCommandExecutor.<init>(DriverCommandExecutor.java:80) ~[selenium-remote-driver-4.7.2.jar:?]
	at org.openqa.selenium.chromium.ChromiumDriverCommandExecutor.<init>(ChromiumDriverCommandExecutor.java:35) ~[selenium-chromium-driver-4.7.2.jar:?]
	at org.openqa.selenium.chrome.ChromeDriver$ChromeDriverCommandExecutor.<init>(ChromeDriver.java:94) ~[selenium-chrome-driver-4.7.2.jar:?]
	at org.openqa.selenium.chrome.ChromeDriver.<init>(ChromeDriver.java:82) ~[selenium-chrome-driver-4.7.2.jar:?]
	at org.openqa.selenium.chrome.ChromeDriver.<init>(ChromeDriver.java:71) ~[selenium-chrome-driver-4.7.2.jar:?]
	at com.wa.ModifiedOnline.BaseTestCases.WebDriverFactory.getDriver(WebDriverFactory.java:46) ~[test-classes/:?]
	at com.wa.ModifiedOnline.BaseTestCases.BaseTest.commonSetup(BaseTest.java:34) ~[test-classes/:?]
	at Cucumber.StepDefinition.StepDefinitionLogin.open_website_click_on_log_in_link(StepDefinitionLogin.java:38) ~[test-classes/:?]
	at jdk.internal.reflect.NativeMethodAccessorImpl.invoke0(Native Method) ~[?:?]
	at jdk.internal.reflect.NativeMethodAccessorImpl.invoke(NativeMethodAccessorImpl.java:77) ~[?:?]
	at jdk.internal.reflect.DelegatingMethodAccessorImpl.invoke(DelegatingMethodAccessorImpl.java:43) ~[?:?]
	at java.lang.reflect.Method.invoke(Method.java:568) ~[?:?]
	at io.cucumber.java.Invoker.doInvoke(Invoker.java:66) ~[cucumber-java-7.11.2.jar:7.11.2]
	at io.cucumber.java.Invoker.invoke(Invoker.java:24) ~[cucumber-java-7.11.2.jar:7.11.2]
	at io.cucumber.java.AbstractGlueDefinition.invokeMethod(AbstractGlueDefinition.java:47) ~[cucumber-java-7.11.2.jar:7.11.2]
	at io.cucumber.java.JavaStepDefinition.execute(JavaStepDefinition.java:29) ~[cucumber-java-7.11.2.jar:7.11.2]
	at io.cucumber.core.runner.CoreStepDefinition.execute(CoreStepDefinition.java:66) ~[cucumber-core-7.11.2.jar:7.11.2]
	at io.cucumber.core.runner.PickleStepDefinitionMatch.runStep(PickleStepDefinitionMatch.java:63) ~[cucumber-core-7.11.2.jar:7.11.2]
	at io.cucumber.core.runner.ExecutionMode$1.execute(ExecutionMode.java:10) ~[cucumber-core-7.11.2.jar:7.11.2]
	at io.cucumber.core.runner.TestStep.executeStep(TestStep.java:84) ~[cucumber-core-7.11.2.jar:7.11.2]
	at io.cucumber.core.runner.TestStep.run(TestStep.java:56) ~[cucumber-core-7.11.2.jar:7.11.2]
	at io.cucumber.core.runner.PickleStepTestStep.run(PickleStepTestStep.java:51) ~[cucumber-core-7.11.2.jar:7.11.2]
	at io.cucumber.core.runner.TestCase.run(TestCase.java:84) ~[cucumber-core-7.11.2.jar:7.11.2]
	at io.cucumber.core.runner.Runner.runPickle(Runner.java:75) ~[cucumber-core-7.11.2.jar:7.11.2]
	at io.cucumber.testng.TestNGCucumberRunner.lambda$runScenario$1(TestNGCucumberRunner.java:132) ~[cucumber-testng-7.11.2.jar:7.11.2]
	at io.cucumber.core.runtime.CucumberExecutionContext.lambda$runTestCase$5(CucumberExecutionContext.java:130) ~[cucumber-core-7.11.2.jar:7.11.2]
	at io.cucumber.core.runtime.RethrowingThrowableCollector.executeAndThrow(RethrowingThrowableCollector.java:23) ~[cucumber-core-7.11.2.jar:7.11.2]
	at io.cucumber.core.runtime.CucumberExecutionContext.runTestCase(CucumberExecutionContext.java:130) ~[cucumber-core-7.11.2.jar:7.11.2]
	at io.cucumber.testng.TestNGCucumberRunner.runScenario(TestNGCucumberRunner.java:129) ~[cucumber-testng-7.11.2.jar:7.11.2]
	at io.cucumber.testng.AbstractTestNGCucumberTests.runScenario(AbstractTestNGCucumberTests.java:35) ~[cucumber-testng-7.11.2.jar:7.11.2]
	at jdk.internal.reflect.NativeMethodAccessorImpl.invoke0(Native Method) ~[?:?]
	at jdk.internal.reflect.NativeMethodAccessorImpl.invoke(NativeMethodAccessorImpl.java:77) ~[?:?]
	at jdk.internal.reflect.DelegatingMethodAccessorImpl.invoke(DelegatingMethodAccessorImpl.java:43) ~[?:?]
	at java.lang.reflect.Method.invoke(Method.java:568) ~[?:?]
	at org.testng.internal.invokers.MethodInvocationHelper.invokeMethod(MethodInvocationHelper.java:139) ~[testng-7.7.0.jar:7.7.0]
	at org.testng.internal.invokers.TestInvoker.invokeMethod(TestInvoker.java:677) ~[testng-7.7.0.jar:7.7.0]
	at org.testng.internal.invokers.TestInvoker.invokeTestMethod(TestInvoker.java:221) ~[testng-7.7.0.jar:7.7.0]
	at org.testng.internal.invokers.MethodRunner.runInSequence(MethodRunner.java:50) ~[testng-7.7.0.jar:7.7.0]
	at org.testng.internal.invokers.TestInvoker$MethodInvocationAgent.invoke(TestInvoker.java:969) ~[testng-7.7.0.jar:7.7.0]
	at org.testng.internal.invokers.TestInvoker.invokeTestMethods(TestInvoker.java:194) ~[testng-7.7.0.jar:7.7.0]
	at org.testng.internal.invokers.TestMethodWorker.invokeTestMethods(TestMethodWorker.java:148) ~[testng-7.7.0.jar:7.7.0]
	at org.testng.internal.invokers.TestMethodWorker.run(TestMethodWorker.java:128) ~[testng-7.7.0.jar:7.7.0]
	at java.util.ArrayList.forEach(ArrayList.java:1511) ~[?:?]
	at org.testng.TestRunner.privateRun(TestRunner.java:829) ~[testng-7.7.0.jar:7.7.0]
	at org.testng.TestRunner.run(TestRunner.java:602) ~[testng-7.7.0.jar:7.7.0]
	at org.testng.SuiteRunner.runTest(SuiteRunner.java:437) ~[testng-7.7.0.jar:7.7.0]
	at org.testng.SuiteRunner.runSequentially(SuiteRunner.java:431) ~[testng-7.7.0.jar:7.7.0]
	at org.testng.SuiteRunner.privateRun(SuiteRunner.java:391) ~[testng-7.7.0.jar:7.7.0]
	at org.testng.SuiteRunner.run(SuiteRunner.java:330) ~[testng-7.7.0.jar:7.7.0]
	at org.testng.SuiteRunnerWorker.runSuite(SuiteRunnerWorker.java:52) ~[testng-7.7.0.jar:7.7.0]
	at org.testng.SuiteRunnerWorker.run(SuiteRunnerWorker.java:95) ~[testng-7.7.0.jar:7.7.0]
	at org.testng.TestNG.runSuitesSequentially(TestNG.java:1256) ~[testng-7.7.0.jar:7.7.0]
	at org.testng.TestNG.runSuitesLocally(TestNG.java:1176) ~[testng-7.7.0.jar:7.7.0]
	at org.testng.TestNG.runSuites(TestNG.java:1099) ~[testng-7.7.0.jar:7.7.0]
	at org.testng.TestNG.run(TestNG.java:1067) ~[testng-7.7.0.jar:7.7.0]
	at org.apache.maven.surefire.testng.TestNGExecutor.run(TestNGExecutor.java:135) ~[surefire-testng-2.22.1.jar:2.22.1]
	at org.apache.maven.surefire.testng.TestNGDirectoryTestSuite.executeMulti(TestNGDirectoryTestSuite.java:193) ~[surefire-testng-2.22.1.jar:2.22.1]
	at org.apache.maven.surefire.testng.TestNGDirectoryTestSuite.execute(TestNGDirectoryTestSuite.java:94) ~[surefire-testng-2.22.1.jar:2.22.1]
	at org.apache.maven.surefire.testng.TestNGProvider.invoke(TestNGProvider.java:146) ~[surefire-testng-2.22.1.jar:2.22.1]
	at org.apache.maven.surefire.booter.ForkedBooter.invokeProviderInSameClassLoader(ForkedBooter.java:384) ~[surefire-booter-2.22.1.jar:2.22.1]
	at org.apache.maven.surefire.booter.ForkedBooter.runSuitesInProcess(ForkedBooter.java:345) ~[surefire-booter-2.22.1.jar:2.22.1]
	at org.apache.maven.surefire.booter.ForkedBooter.execute(ForkedBooter.java:126) ~[surefire-booter-2.22.1.jar:2.22.1]
	at org.apache.maven.surefire.booter.ForkedBooter.main(ForkedBooter.java:418) ~[surefire-booter-2.22.1.jar:2.22.1]
01:09:06.027 DEBUG internal.PlatformDependent0 -java.nio.DirectByteBuffer.<init>(long, int): unavailable
01:09:06.028 DEBUG internal.PlatformDependent -sun.misc.Unsafe: available
01:09:06.028 DEBUG internal.PlatformDependent -maxDirectMemory: 4112515072 bytes (maybe)
01:09:06.029 DEBUG internal.PlatformDependent --Dio.netty.tmpdir: C:\Users\kikatkar\AppData\Local\Temp (java.io.tmpdir)
01:09:06.029 DEBUG internal.PlatformDependent --Dio.netty.bitMode: 64 (sun.arch.data.model)
01:09:06.029 DEBUG internal.PlatformDependent -Platform: Windows
01:09:06.030 DEBUG internal.PlatformDependent --Dio.netty.maxDirectMemory: -1 bytes
01:09:06.030 DEBUG internal.PlatformDependent --Dio.netty.uninitializedArrayAllocationThreshold: -1
01:09:06.031 DEBUG internal.CleanerJava9 -java.nio.ByteBuffer.cleaner(): available
01:09:06.031 DEBUG internal.PlatformDependent --Dio.netty.noPreferDirect: false
01:09:06.043 DEBUG internal.PlatformDependent -org.jctools-core.MpscChunkedArrayQueue: available
01:09:06.068 DEBUG internal.InternalThreadLocalMap --Dio.netty.threadLocalMap.stringBuilder.initialSize: 1024
01:09:06.068 DEBUG internal.InternalThreadLocalMap --Dio.netty.threadLocalMap.stringBuilder.maxSize: 4096
01:09:06.242 DEBUG ssl.JdkSslContext -Default protocols (JDK): [TLSv1.3, TLSv1.2] 
01:09:06.242 DEBUG ssl.JdkSslContext -Default cipher suites (JDK): [TLS_ECDHE_ECDSA_WITH_AES_256_GCM_SHA384, TLS_ECDHE_ECDSA_WITH_AES_128_GCM_SHA256, TLS_ECDHE_RSA_WITH_AES_128_GCM_SHA256, TLS_ECDHE_RSA_WITH_AES_256_GCM_SHA384, TLS_ECDHE_RSA_WITH_AES_128_CBC_SHA, TLS_ECDHE_RSA_WITH_AES_256_CBC_SHA, TLS_RSA_WITH_AES_128_GCM_SHA256, TLS_RSA_WITH_AES_128_CBC_SHA, TLS_RSA_WITH_AES_256_CBC_SHA, TLS_AES_128_GCM_SHA256, TLS_AES_256_GCM_SHA384]
01:09:06.272 DEBUG channel.MultithreadEventLoopGroup --Dio.netty.eventLoopThreads: 32
01:09:06.283 DEBUG nio.NioEventLoop --Dio.netty.noKeySetOptimization: false
01:09:06.283 DEBUG nio.NioEventLoop --Dio.netty.selectorAutoRebuildThreshold: 512
01:09:06.304 TRACE nio.NioEventLoop -instrumented a special java.util.Set into: sun.nio.ch.WEPollSelectorImpl@6fff46bf
01:09:06.309 TRACE nio.NioEventLoop -instrumented a special java.util.Set into: sun.nio.ch.WEPollSelectorImpl@46911148
01:09:06.311 TRACE nio.NioEventLoop -instrumented a special java.util.Set into: sun.nio.ch.WEPollSelectorImpl@2db1b657
01:09:06.314 TRACE nio.NioEventLoop -instrumented a special java.util.Set into: sun.nio.ch.WEPollSelectorImpl@7e351d7
01:09:06.318 TRACE nio.NioEventLoop -instrumented a special java.util.Set into: sun.nio.ch.WEPollSelectorImpl@43c57161
01:09:06.321 TRACE nio.NioEventLoop -instrumented a special java.util.Set into: sun.nio.ch.WEPollSelectorImpl@d902300
01:09:06.324 TRACE nio.NioEventLoop -instrumented a special java.util.Set into: sun.nio.ch.WEPollSelectorImpl@2db33feb
01:09:06.327 TRACE nio.NioEventLoop -instrumented a special java.util.Set into: sun.nio.ch.WEPollSelectorImpl@30c3ae63
01:09:06.330 TRACE nio.NioEventLoop -instrumented a special java.util.Set into: sun.nio.ch.WEPollSelectorImpl@58658f63
01:09:06.333 TRACE nio.NioEventLoop -instrumented a special java.util.Set into: sun.nio.ch.WEPollSelectorImpl@54e12f4c
01:09:06.336 TRACE nio.NioEventLoop -instrumented a special java.util.Set into: sun.nio.ch.WEPollSelectorImpl@60990e5c
01:09:06.339 TRACE nio.NioEventLoop -instrumented a special java.util.Set into: sun.nio.ch.WEPollSelectorImpl@4d84049a
01:09:06.343 TRACE nio.NioEventLoop -instrumented a special java.util.Set into: sun.nio.ch.WEPollSelectorImpl@39ee94de
01:09:06.346 TRACE nio.NioEventLoop -instrumented a special java.util.Set into: sun.nio.ch.WEPollSelectorImpl@642857e0
01:09:06.348 TRACE nio.NioEventLoop -instrumented a special java.util.Set into: sun.nio.ch.WEPollSelectorImpl@4c6b4ed7
01:09:06.351 TRACE nio.NioEventLoop -instrumented a special java.util.Set into: sun.nio.ch.WEPollSelectorImpl@21263314
01:09:06.353 TRACE nio.NioEventLoop -instrumented a special java.util.Set into: sun.nio.ch.WEPollSelectorImpl@6ca30b8a
01:09:06.356 TRACE nio.NioEventLoop -instrumented a special java.util.Set into: sun.nio.ch.WEPollSelectorImpl@4a92c6a9
01:09:06.358 TRACE nio.NioEventLoop -instrumented a special java.util.Set into: sun.nio.ch.WEPollSelectorImpl@5c9934da
01:09:06.361 TRACE nio.NioEventLoop -instrumented a special java.util.Set into: sun.nio.ch.WEPollSelectorImpl@4cb702ce
01:09:06.365 TRACE nio.NioEventLoop -instrumented a special java.util.Set into: sun.nio.ch.WEPollSelectorImpl@383caf89
01:09:06.367 TRACE nio.NioEventLoop -instrumented a special java.util.Set into: sun.nio.ch.WEPollSelectorImpl@64c781a9
01:09:06.370 TRACE nio.NioEventLoop -instrumented a special java.util.Set into: sun.nio.ch.WEPollSelectorImpl@71ed560f
01:09:06.373 TRACE nio.NioEventLoop -instrumented a special java.util.Set into: sun.nio.ch.WEPollSelectorImpl@5b88b8e
01:09:06.376 TRACE nio.NioEventLoop -instrumented a special java.util.Set into: sun.nio.ch.WEPollSelectorImpl@58253c57
01:09:06.379 TRACE nio.NioEventLoop -instrumented a special java.util.Set into: sun.nio.ch.WEPollSelectorImpl@b73433
01:09:06.381 TRACE nio.NioEventLoop -instrumented a special java.util.Set into: sun.nio.ch.WEPollSelectorImpl@1bf14704
01:09:06.384 TRACE nio.NioEventLoop -instrumented a special java.util.Set into: sun.nio.ch.WEPollSelectorImpl@5a545b0f
01:09:06.387 TRACE nio.NioEventLoop -instrumented a special java.util.Set into: sun.nio.ch.WEPollSelectorImpl@2be21396
01:09:06.389 TRACE nio.NioEventLoop -instrumented a special java.util.Set into: sun.nio.ch.WEPollSelectorImpl@124dac75
01:09:06.392 TRACE nio.NioEventLoop -instrumented a special java.util.Set into: sun.nio.ch.WEPollSelectorImpl@315105f
01:09:06.394 TRACE nio.NioEventLoop -instrumented a special java.util.Set into: sun.nio.ch.WEPollSelectorImpl@7b61bf11
01:09:06.415 DEBUG buffer.PooledByteBufAllocator --Dio.netty.allocator.numHeapArenas: 32
01:09:06.415 DEBUG buffer.PooledByteBufAllocator --Dio.netty.allocator.numDirectArenas: 32
01:09:06.416 DEBUG buffer.PooledByteBufAllocator --Dio.netty.allocator.pageSize: 8192
01:09:06.416 DEBUG buffer.PooledByteBufAllocator --Dio.netty.allocator.maxOrder: 9
01:09:06.416 DEBUG buffer.PooledByteBufAllocator --Dio.netty.allocator.chunkSize: 4194304
01:09:06.416 DEBUG buffer.PooledByteBufAllocator --Dio.netty.allocator.smallCacheSize: 256
01:09:06.416 DEBUG buffer.PooledByteBufAllocator --Dio.netty.allocator.normalCacheSize: 64
01:09:06.416 DEBUG buffer.PooledByteBufAllocator --Dio.netty.allocator.maxCachedBufferCapacity: 32768
01:09:06.416 DEBUG buffer.PooledByteBufAllocator --Dio.netty.allocator.cacheTrimInterval: 8192
01:09:06.416 DEBUG buffer.PooledByteBufAllocator --Dio.netty.allocator.cacheTrimIntervalMillis: 0
01:09:06.416 DEBUG buffer.PooledByteBufAllocator --Dio.netty.allocator.useCacheForAllThreads: false
01:09:06.416 DEBUG buffer.PooledByteBufAllocator --Dio.netty.allocator.maxCachedByteBuffersPerChunk: 1023
01:09:06.427 DEBUG buffer.ByteBufUtil --Dio.netty.allocator.type: pooled
01:09:06.427 DEBUG buffer.ByteBufUtil --Dio.netty.threadLocalDirectBufferSize: 0
01:09:06.427 DEBUG buffer.ByteBufUtil --Dio.netty.maxThreadLocalCharBufferSize: 16384
01:09:07.289 DEBUG channel.DefaultChannelId --Dio.netty.processId: 19352 (auto-detected)
01:09:07.291 DEBUG util.NetUtil --Djava.net.preferIPv4Stack: false
01:09:07.291 DEBUG util.NetUtil --Djava.net.preferIPv6Addresses: false
01:09:07.307 DEBUG util.NetUtilInitializations -Loopback interface: lo (Software Loopback Interface 1, 127.0.0.1)
01:09:07.308 DEBUG util.NetUtil -Failed to get SOMAXCONN from sysctl and file \proc\sys\net\core\somaxconn. Default: 200
01:09:07.393 DEBUG channel.DefaultChannelId --Dio.netty.machineId: 00:41:0e:ff:fe:a9:9e:cd (auto-detected)
01:09:07.438 DEBUG buffer.AbstractByteBuf --Dio.netty.buffer.checkAccessible: true
01:09:07.438 DEBUG buffer.AbstractByteBuf --Dio.netty.buffer.checkBounds: true
01:09:07.438 DEBUG util.ResourceLeakDetectorFactory -Loaded default ResourceLeakDetector: io.netty.util.ResourceLeakDetector@21353f61
01:09:07.449 TRACE logging.LoggingHandler -[id: 0xf720ce5e] REGISTERED
01:09:07.449 TRACE logging.LoggingHandler -[id: 0xf720ce5e] CONNECT: localhost/127.0.0.1:48322
01:09:07.453 DEBUG channel.NettyConnectListener -Using new Channel '[id: 0xf720ce5e, L:/127.0.0.1:51660 - R:localhost/127.0.0.1:48322]' for 'POST' to '/session'
01:09:07.461 DEBUG util.Recycler --Dio.netty.recycler.maxCapacityPerThread: 4096
01:09:07.461 DEBUG util.Recycler --Dio.netty.recycler.ratio: 8
01:09:07.461 DEBUG util.Recycler --Dio.netty.recycler.chunkSize: 32
01:09:07.461 DEBUG util.Recycler --Dio.netty.recycler.blocking: false
01:09:07.469 TRACE logging.LoggingHandler -[id: 0xf720ce5e, L:/127.0.0.1:51660 - R:localhost/127.0.0.1:48322] WRITE: 173B
         +-------------------------------------------------+
         |  0  1  2  3  4  5  6  7  8  9  a  b  c  d  e  f |
+--------+-------------------------------------------------+----------------+
|00000000| 50 4f 53 54 20 2f 73 65 73 73 69 6f 6e 20 48 54 |POST /session HT|
|00000010| 54 50 2f 31 2e 31 0d 0a 55 73 65 72 2d 41 67 65 |TP/1.1..User-Age|
|00000020| 6e 74 3a 20 73 65 6c 65 6e 69 75 6d 2f 34 2e 37 |nt: selenium/4.7|
|00000030| 2e 32 20 28 6a 61 76 61 20 77 69 6e 64 6f 77 73 |.2 (java windows|
|00000040| 29 0d 0a 43 6f 6e 74 65 6e 74 2d 4c 65 6e 67 74 |)..Content-Lengt|
|00000050| 68 3a 20 34 39 37 0d 0a 43 6f 6e 74 65 6e 74 2d |h: 497..Content-|
|00000060| 54 79 70 65 3a 20 61 70 70 6c 69 63 61 74 69 6f |Type: applicatio|
|00000070| 6e 2f 6a 73 6f 6e 3b 20 63 68 61 72 73 65 74 3d |n/json; charset=|
|00000080| 75 74 66 2d 38 0d 0a 68 6f 73 74 3a 20 6c 6f 63 |utf-8..host: loc|
|00000090| 61 6c 68 6f 73 74 3a 34 38 33 32 32 0d 0a 61 63 |alhost:48322..ac|
|000000a0| 63 65 70 74 3a 20 2a 2f 2a 0d 0a 0d 0a          |cept: */*....   |
+--------+-------------------------------------------------+----------------+
01:09:07.481 TRACE logging.LoggingHandler -[id: 0xf720ce5e, L:/127.0.0.1:51660 - R:localhost/127.0.0.1:48322] WRITE: 497B
         +-------------------------------------------------+
         |  0  1  2  3  4  5  6  7  8  9  a  b  c  d  e  f |
+--------+-------------------------------------------------+----------------+
|00000000| 7b 0a 20 20 22 64 65 73 69 72 65 64 43 61 70 61 |{.  "desiredCapa|
|00000010| 62 69 6c 69 74 69 65 73 22 3a 20 7b 0a 20 20 20 |bilities": {.   |
|00000020| 20 22 62 72 6f 77 73 65 72 4e 61 6d 65 22 3a 20 | "browserName": |
|00000030| 22 63 68 72 6f 6d 65 22 2c 0a 20 20 20 20 22 67 |"chrome",.    "g|
|00000040| 6f 6f 67 3a 63 68 72 6f 6d 65 4f 70 74 69 6f 6e |oog:chromeOption|
|00000050| 73 22 3a 20 7b 0a 20 20 20 20 20 20 22 61 72 67 |s": {.      "arg|
|00000060| 73 22 3a 20 5b 0a 20 20 20 20 20 20 20 20 22 2d |s": [.        "-|
|00000070| 2d 72 65 6d 6f 74 65 2d 61 6c 6c 6f 77 2d 6f 72 |-remote-allow-or|
|00000080| 69 67 69 6e 73 3d 2a 22 2c 0a 20 20 20 20 20 20 |igins=*",.      |
|00000090| 20 20 22 64 69 73 61 62 6c 65 2d 69 6e 66 6f 62 |  "disable-infob|
|000000a0| 61 72 22 0a 20 20 20 20 20 20 5d 2c 0a 20 20 20 |ar".      ],.   |
|000000b0| 20 20 20 22 65 78 74 65 6e 73 69 6f 6e 73 22 3a |   "extensions":|
|000000c0| 20 5b 0a 20 20 20 20 20 20 5d 0a 20 20 20 20 7d | [.      ].    }|
|000000d0| 0a 20 20 7d 2c 0a 20 20 22 63 61 70 61 62 69 6c |.  },.  "capabil|
|000000e0| 69 74 69 65 73 22 3a 20 7b 0a 20 20 20 20 22 66 |ities": {.    "f|
|000000f0| 69 72 73 74 4d 61 74 63 68 22 3a 20 5b 0a 20 20 |irstMatch": [.  |
|00000100| 20 20 20 20 7b 0a 20 20 20 20 20 20 20 20 22 62 |    {.        "b|
|00000110| 72 6f 77 73 65 72 4e 61 6d 65 22 3a 20 22 63 68 |rowserName": "ch|
|00000120| 72 6f 6d 65 22 2c 0a 20 20 20 20 20 20 20 20 22 |rome",.        "|
|00000130| 67 6f 6f 67 3a 63 68 72 6f 6d 65 4f 70 74 69 6f |goog:chromeOptio|
|00000140| 6e 73 22 3a 20 7b 0a 20 20 20 20 20 20 20 20 20 |ns": {.         |
|00000150| 20 22 61 72 67 73 22 3a 20 5b 0a 20 20 20 20 20 | "args": [.     |
|00000160| 20 20 20 20 20 20 20 22 2d 2d 72 65 6d 6f 74 65 |       "--remote|
|00000170| 2d 61 6c 6c 6f 77 2d 6f 72 69 67 69 6e 73 3d 2a |-allow-origins=*|
|00000180| 22 2c 0a 20 20 20 20 20 20 20 20 20 20 20 20 22 |",.            "|
|00000190| 64 69 73 61 62 6c 65 2d 69 6e 66 6f 62 61 72 22 |disable-infobar"|
|000001a0| 0a 20 20 20 20 20 20 20 20 20 20 5d 2c 0a 20 20 |.          ],.  |
|000001b0| 20 20 20 20 20 20 20 20 22 65 78 74 65 6e 73 69 |        "extensi|
|000001c0| 6f 6e 73 22 3a 20 5b 0a 20 20 20 20 20 20 20 20 |ons": [.        |
|000001d0| 20 20 5d 0a 20 20 20 20 20 20 20 20 7d 0a 20 20 |  ].        }.  |
|000001e0| 20 20 20 20 7d 0a 20 20 20 20 5d 0a 20 20 7d 0a |    }.    ].  }.|
|000001f0| 7d                                              |}               |
+--------+-------------------------------------------------+----------------+
01:09:07.481 TRACE logging.LoggingHandler -[id: 0xf720ce5e, L:/127.0.0.1:51660 - R:localhost/127.0.0.1:48322] FLUSH
01:09:07.483 TRACE logging.LoggingHandler -[id: 0xf720ce5e, L:/127.0.0.1:51660 - R:localhost/127.0.0.1:48322] WRITE: 0B
01:09:07.483 TRACE logging.LoggingHandler -[id: 0xf720ce5e, L:/127.0.0.1:51660 - R:localhost/127.0.0.1:48322] FLUSH
01:09:07.483 TRACE logging.LoggingHandler -[id: 0xf720ce5e, L:/127.0.0.1:51660 - R:localhost/127.0.0.1:48322] ACTIVE
01:09:09.095 TRACE logging.LoggingHandler -[id: 0xf720ce5e, L:/127.0.0.1:51660 - R:localhost/127.0.0.1:48322] READ: 1145B
         +-------------------------------------------------+
         |  0  1  2  3  4  5  6  7  8  9  a  b  c  d  e  f |
+--------+-------------------------------------------------+----------------+
|00000000| 48 54 54 50 2f 31 2e 31 20 35 30 30 20 49 6e 74 |HTTP/1.1 500 Int|
|00000010| 65 72 6e 61 6c 20 53 65 72 76 65 72 20 45 72 72 |ernal Server Err|
|00000020| 6f 72 0d 0a 43 6f 6e 74 65 6e 74 2d 4c 65 6e 67 |or..Content-Leng|
|00000030| 74 68 3a 31 30 31 36 0d 0a 43 6f 6e 74 65 6e 74 |th:1016..Content|
|00000040| 2d 54 79 70 65 3a 61 70 70 6c 69 63 61 74 69 6f |-Type:applicatio|
|00000050| 6e 2f 6a 73 6f 6e 3b 20 63 68 61 72 73 65 74 3d |n/json; charset=|
|00000060| 75 74 66 2d 38 0d 0a 63 61 63 68 65 2d 63 6f 6e |utf-8..cache-con|
|00000070| 74 72 6f 6c 3a 6e 6f 2d 63 61 63 68 65 0d 0a 0d |trol:no-cache...|
|00000080| 0a 7b 22 76 61 6c 75 65 22 3a 7b 22 65 72 72 6f |.{"value":{"erro|
|00000090| 72 22 3a 22 73 65 73 73 69 6f 6e 20 6e 6f 74 20 |r":"session not |
|000000a0| 63 72 65 61 74 65 64 22 2c 22 6d 65 73 73 61 67 |created","messag|
|000000b0| 65 22 3a 22 73 65 73 73 69 6f 6e 20 6e 6f 74 20 |e":"session not |
|000000c0| 63 72 65 61 74 65 64 3a 20 54 68 69 73 20 76 65 |created: This ve|
|000000d0| 72 73 69 6f 6e 20 6f 66 20 43 68 72 6f 6d 65 44 |rsion of ChromeD|
|000000e0| 72 69 76 65 72 20 6f 6e 6c 79 20 73 75 70 70 6f |river only suppo|
|000000f0| 72 74 73 20 43 68 72 6f 6d 65 20 76 65 72 73 69 |rts Chrome versi|
|00000100| 6f 6e 20 31 31 31 5c 6e 43 75 72 72 65 6e 74 20 |on 111\nCurrent |
|00000110| 62 72 6f 77 73 65 72 20 76 65 72 73 69 6f 6e 20 |browser version |
|00000120| 69 73 20 31 32 32 2e 30 2e 36 32 36 31 2e 39 35 |is 122.0.6261.95|
|00000130| 20 77 69 74 68 20 62 69 6e 61 72 79 20 70 61 74 | with binary pat|
|00000140| 68 20 43 3a 5c 5c 50 72 6f 67 72 61 6d 20 46 69 |h C:\\Program Fi|
|00000150| 6c 65 73 5c 5c 47 6f 6f 67 6c 65 5c 5c 43 68 72 |les\\Google\\Chr|
|00000160| 6f 6d 65 5c 5c 41 70 70 6c 69 63 61 74 69 6f 6e |ome\\Application|
|00000170| 5c 5c 63 68 72 6f 6d 65 2e 65 78 65 22 2c 22 73 |\\chrome.exe","s|
|00000180| 74 61 63 6b 74 72 61 63 65 22 3a 22 42 61 63 6b |tacktrace":"Back|
|00000190| 74 72 61 63 65 3a 5c 6e 5c 74 28 4e 6f 20 73 79 |trace:\n\t(No sy|
|000001a0| 6d 62 6f 6c 29 20 5b 30 78 30 30 42 31 44 43 45 |mbol) [0x00B1DCE|
|000001b0| 33 5d 5c 6e 5c 74 28 4e 6f 20 73 79 6d 62 6f 6c |3]\n\t(No symbol|
|000001c0| 29 20 5b 30 78 30 30 41 42 33 39 44 31 5d 5c 6e |) [0x00AB39D1]\n|
|000001d0| 5c 74 28 4e 6f 20 73 79 6d 62 6f 6c 29 20 5b 30 |\t(No symbol) [0|
|000001e0| 78 30 30 39 43 34 44 41 38 5d 5c 6e 5c 74 28 4e |x009C4DA8]\n\t(N|
|000001f0| 6f 20 73 79 6d 62 6f 6c 29 20 5b 30 78 30 30 39 |o symbol) [0x009|
|00000200| 45 34 46 36 43 5d 5c 6e 5c 74 28 4e 6f 20 73 79 |E4F6C]\n\t(No sy|
|00000210| 6d 62 6f 6c 29 20 5b 30 78 30 30 39 45 30 44 31 |mbol) [0x009E0D1|
|00000220| 31 5d 5c 6e 5c 74 28 4e 6f 20 73 79 6d 62 6f 6c |1]\n\t(No symbol|
|00000230| 29 20 5b 30 78 30 30 39 44 45 44 31 39 5d 5c 6e |) [0x009DED19]\n|
|00000240| 5c 74 28 4e 6f 20 73 79 6d 62 6f 6c 29 20 5b 30 |\t(No symbol) [0|
|00000250| 78 30 30 41 31 31 35 41 45 5d 5c 6e 5c 74 28 4e |x00A115AE]\n\t(N|
|00000260| 6f 20 73 79 6d 62 6f 6c 29 20 5b 30 78 30 30 41 |o symbol) [0x00A|
|00000270| 31 31 32 39 43 5d 5c 6e 5c 74 28 4e 6f 20 73 79 |1129C]\n\t(No sy|
|00000280| 6d 62 6f 6c 29 20 5b 30 78 30 30 41 30 41 43 43 |mbol) [0x00A0ACC|
|00000290| 36 5d 5c 6e 5c 74 28 4e 6f 20 73 79 6d 62 6f 6c |6]\n\t(No symbol|
|000002a0| 29 20 5b 30 78 30 30 39 45 36 46 36 38 5d 5c 6e |) [0x009E6F68]\n|
|000002b0| 5c 74 28 4e 6f 20 73 79 6d 62 6f 6c 29 20 5b 30 |\t(No symbol) [0|
|000002c0| 78 30 30 39 45 38 30 43 44 5d 5c 6e 5c 74 47 65 |x009E80CD]\n\tGe|
|000002d0| 74 48 61 6e 64 6c 65 56 65 72 69 66 69 65 72 20 |tHandleVerifier |
|000002e0| 5b 30 78 30 30 44 39 33 38 33 32 2b 32 35 30 36 |[0x00D93832+2506|
|000002f0| 32 37 34 5d 5c 6e 5c 74 47 65 74 48 61 6e 64 6c |274]\n\tGetHandl|
|00000300| 65 56 65 72 69 66 69 65 72 20 5b 30 78 30 30 44 |eVerifier [0x00D|
|00000310| 43 39 37 39 34 2b 32 37 32 37 33 30 30 5d 5c 6e |C9794+2727300]\n|
|00000320| 5c 74 47 65 74 48 61 6e 64 6c 65 56 65 72 69 66 |\tGetHandleVerif|
|00000330| 69 65 72 20 5b 30 78 30 30 44 43 45 33 36 43 2b |ier [0x00DCE36C+|
|00000340| 32 37 34 36 37 31 36 5d 5c 6e 5c 74 47 65 74 48 |2746716]\n\tGetH|
|00000350| 61 6e 64 6c 65 56 65 72 69 66 69 65 72 20 5b 30 |andleVerifier [0|
|00000360| 78 30 30 42 43 36 36 39 30 2b 36 31 37 36 30 30 |x00BC6690+617600|
|00000370| 5d 5c 6e 5c 74 28 4e 6f 20 73 79 6d 62 6f 6c 29 |]\n\t(No symbol)|
|00000380| 20 5b 30 78 30 30 41 42 43 37 31 32 5d 5c 6e 5c | [0x00ABC712]\n\|
|00000390| 74 28 4e 6f 20 73 79 6d 62 6f 6c 29 20 5b 30 78 |t(No symbol) [0x|
|000003a0| 30 30 41 43 31 46 46 38 5d 5c 6e 5c 74 28 4e 6f |00AC1FF8]\n\t(No|
|000003b0| 20 73 79 6d 62 6f 6c 29 20 5b 30 78 30 30 41 43 | symbol) [0x00AC|
|000003c0| 32 30 44 42 5d 5c 6e 5c 74 28 4e 6f 20 73 79 6d |20DB]\n\t(No sym|
|000003d0| 62 6f 6c 29 20 5b 30 78 30 30 41 43 43 36 33 42 |bol) [0x00ACC63B|
|000003e0| 5d 5c 6e 5c 74 42 61 73 65 54 68 72 65 61 64 49 |]\n\tBaseThreadI|
|000003f0| 6e 69 74 54 68 75 6e 6b 20 5b 30 78 37 36 46 35 |nitThunk [0x76F5|
|00000400| 46 43 43 39 2b 32 35 5d 5c 6e 5c 74 52 74 6c 47 |FCC9+25]\n\tRtlG|
|00000410| 65 74 41 70 70 43 6f 6e 74 61 69 6e 65 72 4e 61 |etAppContainerNa|
|00000420| 6d 65 64 4f 62 6a 65 63 74 50 61 74 68 20 5b 30 |medObjectPath [0|
|00000430| 78 37 37 41 41 37 43 35 45 2b 32 38 36 5d 5c 6e |x77AA7C5E+286]\n|
|00000440| 5c 74 52 74 6c 47 65 74 41 70 70 43 6f 6e 74 61 |\tRtlGetAppConta|
|00000450| 69 6e 65 72 4e 61 6d 65 64 4f 62 6a 65 63 74 50 |inerNamedObjectP|
|00000460| 61 74 68 20 5b 30 78 37 37 41 41 37 43 32 45 2b |ath [0x77AA7C2E+|
|00000470| 32 33 38 5d 5c 6e 22 7d 7d                      |238]\n"}}       |
+--------+-------------------------------------------------+----------------+
01:09:09.099 DEBUG compression.Brotli -brotli4j not in the classpath; Brotli support will be unavailable.
01:09:09.101 DEBUG handler.HttpHandler -

Request DefaultHttpRequest(decodeResult: success, version: HTTP/1.1)
POST /session HTTP/1.1
User-Agent: selenium/4.7.2 (java windows)
Content-Length: 497
Content-Type: application/json; charset=utf-8
host: localhost:48322
accept: */*

Response DefaultHttpResponse(decodeResult: success, version: HTTP/1.1)
HTTP/1.1 500 Internal Server Error
Content-Type: application/json; charset=utf-8
cache-control: no-cache
content-length: 1016

01:09:09.105 DEBUG channel.ChannelManager -Adding key: http://localhost:48322 for channel [id: 0xf720ce5e, L:/127.0.0.1:51660 - R:localhost/127.0.0.1:48322]
01:09:09.107 TRACE logging.LoggingHandler -[id: 0xf720ce5e, L:/127.0.0.1:51660 - R:localhost/127.0.0.1:48322] READ COMPLETE
01:09:09.156 TRACE logging.LoggingHandler -[id: 0xf720ce5e, L:/127.0.0.1:51660 - R:localhost/127.0.0.1:48322] READ COMPLETE
01:09:09.158 TRACE logging.LoggingHandler -[id: 0xf720ce5e, L:/127.0.0.1:51660 ! R:localhost/127.0.0.1:48322] INACTIVE
01:09:09.158 DEBUG handler.HttpHandler -Channel Closed: [id: 0xf720ce5e, L:/127.0.0.1:51660 ! R:localhost/127.0.0.1:48322] with attribute DISCARD
01:09:09.158 TRACE logging.LoggingHandler -[id: 0xf720ce5e, L:/127.0.0.1:51660 ! R:localhost/127.0.0.1:48322] UNREGISTERED
01:09:09.380 TRACE internal.Graph -[Graph] ADDING NODE LogInOutTest.validLoginTest(java.lang.String,java.lang.String)[pri:0, instance:com.wa.ModifiedOnline.TestCases.LogInOutTest@c1a4620] -809226607
01:09:09.380 TRACE internal.Graph -[Graph] ADDING NODE LogInOutTest.validLogutTest()[pri:0, instance:com.wa.ModifiedOnline.TestCases.LogInOutTest@c1a4620] 1685998539
01:09:09.380 TRACE internal.Graph -[Graph] ADDING NODE LoginTest.invalidLoginTest()[pri:0, instance:com.wa.ModifiedOnline.TestCases.LoginTest@76b0ae1b] -1817737355
01:09:09.380 TRACE internal.Graph -[Graph] ADDING NODE LoginTest.validLoginTest()[pri:0, instance:com.wa.ModifiedOnline.TestCases.LoginTest@76b0ae1b] -818359680
01:09:09.380 TRACE internal.Graph -[Graph] ADDING NODE LogoutTest.validLoginTest()[pri:0, instance:com.wa.ModifiedOnline.TestCases.LogoutTest@130a0f66] -1663484612
01:09:09.380 TRACE internal.Graph -[Graph] ADDING NODE AbstractTestNGCucumberTests.runScenario(io.cucumber.testng.PickleWrapper,io.cucumber.testng.FeatureWrapper)[pri:0, instance:Cucumber.TestRunner@6105f8a3] 477421940
01:09:09.380 TRACE internal.Graph -[Graph] ADDING NODE VerifyAllTest.validLoginTest(java.lang.String,java.lang.String)[pri:1, instance:com.wa.ModifiedOnline.TestCases.VerifyAllTest@4c432866] -1482995094
01:09:09.380 TRACE internal.Graph -[Graph] ADDING NODE VerifyAllTest.getSearchResults()[pri:2, instance:com.wa.ModifiedOnline.TestCases.VerifyAllTest@4c432866] -821878643
01:09:09.380 TRACE internal.Graph -[Graph] ================ SORTING
01:09:09.382 TRACE internal.Graph -[Graph] =============== DONE SORTING
01:09:09.382 TRACE internal.Graph -[Graph] ====== SORTED NODES
01:09:09.382 TRACE internal.Graph -[Graph] ====== END SORTED NODES
