22:27:23.878 DEBUG internal.PlatformDependent0 -java.nio.DirectByteBuffer.<init>(long, int): unavailable
22:27:23.887 DEBUG internal.PlatformDependent -sun.misc.Unsafe: available
22:27:23.888 DEBUG internal.PlatformDependent -maxDirectMemory: 1574961152 bytes (maybe)
22:27:23.889 DEBUG internal.PlatformDependent --Dio.netty.tmpdir: C:\Users\LENOVO\AppData\Local\Temp (java.io.tmpdir)
22:27:23.889 DEBUG internal.PlatformDependent --Dio.netty.bitMode: 64 (sun.arch.data.model)
22:27:23.892 DEBUG internal.PlatformDependent -Platform: Windows
22:27:23.892 DEBUG internal.PlatformDependent --Dio.netty.maxDirectMemory: -1 bytes
22:27:23.892 DEBUG internal.PlatformDependent --Dio.netty.uninitializedArrayAllocationThreshold: -1
22:27:23.895 DEBUG internal.CleanerJava9 -java.nio.ByteBuffer.cleaner(): available
22:27:23.896 DEBUG internal.PlatformDependent --Dio.netty.noPreferDirect: false
22:27:23.906 DEBUG internal.PlatformDependent -org.jctools-core.MpscChunkedArrayQueue: available
22:27:23.939 DEBUG internal.InternalThreadLocalMap --Dio.netty.threadLocalMap.stringBuilder.initialSize: 1024
22:27:23.939 DEBUG internal.InternalThreadLocalMap --Dio.netty.threadLocalMap.stringBuilder.maxSize: 4096
22:27:24.145 DEBUG ssl.JdkSslContext -Default protocols (JDK): [TLSv1.3, TLSv1.2] 
22:27:24.146 DEBUG ssl.JdkSslContext -Default cipher suites (JDK): [TLS_ECDHE_ECDSA_WITH_AES_256_GCM_SHA384, TLS_ECDHE_ECDSA_WITH_AES_128_GCM_SHA256, TLS_ECDHE_RSA_WITH_AES_128_GCM_SHA256, TLS_ECDHE_RSA_WITH_AES_256_GCM_SHA384, TLS_ECDHE_RSA_WITH_AES_128_CBC_SHA, TLS_ECDHE_RSA_WITH_AES_256_CBC_SHA, TLS_RSA_WITH_AES_128_GCM_SHA256, TLS_RSA_WITH_AES_128_CBC_SHA, TLS_RSA_WITH_AES_256_CBC_SHA, TLS_AES_128_GCM_SHA256, TLS_AES_256_GCM_SHA384]
22:27:24.183 DEBUG channel.MultithreadEventLoopGroup --Dio.netty.eventLoopThreads: 24
22:27:24.196 DEBUG nio.NioEventLoop --Dio.netty.noKeySetOptimization: false
22:27:24.196 DEBUG nio.NioEventLoop --Dio.netty.selectorAutoRebuildThreshold: 512
22:27:24.217 TRACE nio.NioEventLoop -instrumented a special java.util.Set into: sun.nio.ch.WEPollSelectorImpl@66ec9390
22:27:24.219 TRACE nio.NioEventLoop -instrumented a special java.util.Set into: sun.nio.ch.WEPollSelectorImpl@1a35993f
22:27:24.221 TRACE nio.NioEventLoop -instrumented a special java.util.Set into: sun.nio.ch.WEPollSelectorImpl@5b12012e
22:27:24.223 TRACE nio.NioEventLoop -instrumented a special java.util.Set into: sun.nio.ch.WEPollSelectorImpl@2f7dcef2
22:27:24.224 TRACE nio.NioEventLoop -instrumented a special java.util.Set into: sun.nio.ch.WEPollSelectorImpl@4a3be6a5
22:27:24.226 TRACE nio.NioEventLoop -instrumented a special java.util.Set into: sun.nio.ch.WEPollSelectorImpl@7cf162bc
22:27:24.228 TRACE nio.NioEventLoop -instrumented a special java.util.Set into: sun.nio.ch.WEPollSelectorImpl@3721177d
22:27:24.230 TRACE nio.NioEventLoop -instrumented a special java.util.Set into: sun.nio.ch.WEPollSelectorImpl@766a4535
22:27:24.231 TRACE nio.NioEventLoop -instrumented a special java.util.Set into: sun.nio.ch.WEPollSelectorImpl@63718b93
22:27:24.233 TRACE nio.NioEventLoop -instrumented a special java.util.Set into: sun.nio.ch.WEPollSelectorImpl@14e2e1c3
22:27:24.234 TRACE nio.NioEventLoop -instrumented a special java.util.Set into: sun.nio.ch.WEPollSelectorImpl@2b4786dd
22:27:24.235 TRACE nio.NioEventLoop -instrumented a special java.util.Set into: sun.nio.ch.WEPollSelectorImpl@f202d6d
22:27:24.237 TRACE nio.NioEventLoop -instrumented a special java.util.Set into: sun.nio.ch.WEPollSelectorImpl@60e21209
22:27:24.238 TRACE nio.NioEventLoop -instrumented a special java.util.Set into: sun.nio.ch.WEPollSelectorImpl@630d1b2f
22:27:24.239 TRACE nio.NioEventLoop -instrumented a special java.util.Set into: sun.nio.ch.WEPollSelectorImpl@746b18fd
22:27:24.242 TRACE nio.NioEventLoop -instrumented a special java.util.Set into: sun.nio.ch.WEPollSelectorImpl@7a2e0858
22:27:24.243 TRACE nio.NioEventLoop -instrumented a special java.util.Set into: sun.nio.ch.WEPollSelectorImpl@aac3f4e
22:27:24.245 TRACE nio.NioEventLoop -instrumented a special java.util.Set into: sun.nio.ch.WEPollSelectorImpl@1f38957
22:27:24.247 TRACE nio.NioEventLoop -instrumented a special java.util.Set into: sun.nio.ch.WEPollSelectorImpl@2df3c564
22:27:24.248 TRACE nio.NioEventLoop -instrumented a special java.util.Set into: sun.nio.ch.WEPollSelectorImpl@2715644a
22:27:24.250 TRACE nio.NioEventLoop -instrumented a special java.util.Set into: sun.nio.ch.WEPollSelectorImpl@4c2869a9
22:27:24.251 TRACE nio.NioEventLoop -instrumented a special java.util.Set into: sun.nio.ch.WEPollSelectorImpl@518cf84a
22:27:24.253 TRACE nio.NioEventLoop -instrumented a special java.util.Set into: sun.nio.ch.WEPollSelectorImpl@62e7dffa
22:27:24.254 TRACE nio.NioEventLoop -instrumented a special java.util.Set into: sun.nio.ch.WEPollSelectorImpl@6edcd0d8
22:27:24.283 DEBUG buffer.PooledByteBufAllocator --Dio.netty.allocator.numHeapArenas: 24
22:27:24.283 DEBUG buffer.PooledByteBufAllocator --Dio.netty.allocator.numDirectArenas: 24
22:27:24.283 DEBUG buffer.PooledByteBufAllocator --Dio.netty.allocator.pageSize: 8192
22:27:24.283 DEBUG buffer.PooledByteBufAllocator --Dio.netty.allocator.maxOrder: 9
22:27:24.283 DEBUG buffer.PooledByteBufAllocator --Dio.netty.allocator.chunkSize: 4194304
22:27:24.283 DEBUG buffer.PooledByteBufAllocator --Dio.netty.allocator.smallCacheSize: 256
22:27:24.283 DEBUG buffer.PooledByteBufAllocator --Dio.netty.allocator.normalCacheSize: 64
22:27:24.284 DEBUG buffer.PooledByteBufAllocator --Dio.netty.allocator.maxCachedBufferCapacity: 32768
22:27:24.284 DEBUG buffer.PooledByteBufAllocator --Dio.netty.allocator.cacheTrimInterval: 8192
22:27:24.284 DEBUG buffer.PooledByteBufAllocator --Dio.netty.allocator.cacheTrimIntervalMillis: 0
22:27:24.284 DEBUG buffer.PooledByteBufAllocator --Dio.netty.allocator.useCacheForAllThreads: false
22:27:24.284 DEBUG buffer.PooledByteBufAllocator --Dio.netty.allocator.maxCachedByteBuffersPerChunk: 1023
22:27:24.300 DEBUG buffer.ByteBufUtil --Dio.netty.allocator.type: pooled
22:27:24.300 DEBUG buffer.ByteBufUtil --Dio.netty.threadLocalDirectBufferSize: 0
22:27:24.300 DEBUG buffer.ByteBufUtil --Dio.netty.maxThreadLocalCharBufferSize: 16384
22:27:24.632 DEBUG channel.DefaultChannelId --Dio.netty.processId: 81596 (auto-detected)
22:27:24.635 DEBUG util.NetUtil --Djava.net.preferIPv4Stack: false
22:27:24.635 DEBUG util.NetUtil --Djava.net.preferIPv6Addresses: false
22:27:24.644 DEBUG util.NetUtilInitializations -Loopback interface: lo (Software Loopback Interface 1, 127.0.0.1)
22:27:24.645 DEBUG util.NetUtil -Failed to get SOMAXCONN from sysctl and file \proc\sys\net\core\somaxconn. Default: 200
22:27:24.660 DEBUG channel.DefaultChannelId --Dio.netty.machineId: 00:45:e2:ff:fe:82:f7:93 (auto-detected)
22:27:24.720 DEBUG buffer.AbstractByteBuf --Dio.netty.buffer.checkAccessible: true
22:27:24.720 DEBUG buffer.AbstractByteBuf --Dio.netty.buffer.checkBounds: true
22:27:24.720 DEBUG util.ResourceLeakDetectorFactory -Loaded default ResourceLeakDetector: io.netty.util.ResourceLeakDetector@198e4b95
22:27:24.750 DEBUG util.Recycler --Dio.netty.recycler.maxCapacityPerThread: 4096
22:27:24.750 DEBUG util.Recycler --Dio.netty.recycler.ratio: 8
22:27:24.750 DEBUG util.Recycler --Dio.netty.recycler.chunkSize: 32
22:27:24.750 DEBUG util.Recycler --Dio.netty.recycler.blocking: false
22:27:25.783 DEBUG compression.Brotli -brotli4j not in the classpath; Brotli support will be unavailable.
22:27:25.906 DEBUG internal.ThreadLocalRandom --Dio.netty.initialSeedUniquifier: 0x335077629c3ba2e0
22:27:34.809 INFO  BaseClasses.CustomDriver -waiting for max:: 2 seconds for element to visible
22:27:34.850 INFO  BaseClasses.CustomDriver -element is visible on webpage
22:27:34.915 INFO  BaseClasses.CustomDriver -clicked on clicked on login
22:27:35.051 INFO  BaseClasses.CustomDriver -clicked on click on login with email
22:27:35.200 DEBUG opc.PackageRelationshipCollection -Parsing relationship: /xl/_rels/workbook.xml.rels
22:27:35.203 DEBUG opc.PackageRelationshipCollection -Parsing relationship: /_rels/.rels
22:27:35.434 TRACE common.XBeanDebug -Loading type system org.apache.poi.schemas.ooxml.system.ooxml
22:27:35.437 TRACE common.XBeanDebug -Loading type system org.apache.xmlbeans.metadata.system.sXMLCONFIG
22:27:35.437 TRACE common.XBeanDebug -Loading type system org.apache.xmlbeans.metadata.system.sXMLLANG
22:27:35.437 TRACE common.XBeanDebug -Loading type system org.apache.xmlbeans.metadata.system.sXMLSCHEMA
22:27:35.440 TRACE common.XBeanDebug -Loading type system org.apache.xmlbeans.metadata.system.sXMLTOOLS
22:27:35.440 TRACE common.XBeanDebug -Reading unresolved handles for type system org.apache.xmlbeans.metadata.system.sXMLTOOLS
22:27:35.455 TRACE common.XBeanDebug -Finished loading type system org.apache.xmlbeans.metadata.system.sXMLTOOLS
22:27:35.455 TRACE common.XBeanDebug -Reading unresolved handles for type system org.apache.xmlbeans.metadata.system.sXMLSCHEMA
22:27:35.468 TRACE common.XBeanDebug -Finished loading type system org.apache.xmlbeans.metadata.system.sXMLSCHEMA
22:27:35.469 TRACE common.XBeanDebug -Reading unresolved handles for type system org.apache.xmlbeans.metadata.system.sXMLLANG
22:27:35.471 TRACE common.XBeanDebug -Finished loading type system org.apache.xmlbeans.metadata.system.sXMLLANG
22:27:35.472 TRACE common.XBeanDebug -Reading unresolved handles for type system org.apache.xmlbeans.metadata.system.sXMLCONFIG
22:27:35.475 TRACE common.XBeanDebug -Finished loading type system org.apache.xmlbeans.metadata.system.sXMLCONFIG
22:27:35.476 TRACE common.XBeanDebug -Reading unresolved handles for type system org.apache.poi.schemas.ooxml.system.ooxml
22:27:35.529 TRACE common.XBeanDebug -Finished loading type system org.apache.poi.schemas.ooxml.system.ooxml
22:27:35.529 TRACE common.XBeanDebug -Resolving type for handle themefd26doctype
22:27:35.608 TRACE common.XBeanDebug -Resolving type for handle stylesheet5d8bdoctype
22:27:35.614 TRACE common.XBeanDebug -Resolving type for handle ctstylesheet4257type
22:27:35.620 TRACE common.XBeanDebug -Resolving type for handle ctfonts6623type
22:27:35.625 TRACE common.XBeanDebug -Resolving type for handle ctfont14d8type
22:27:35.631 TRACE common.XBeanDebug -Resolving type for handle ctfills2c6ftype
22:27:35.633 TRACE common.XBeanDebug -Resolving type for handle ctfill550ctype
22:27:35.635 TRACE common.XBeanDebug -Resolving type for handle ctborders0d66type
22:27:35.639 TRACE common.XBeanDebug -Resolving type for handle ctborderf935type
22:27:35.641 TRACE common.XBeanDebug -Resolving type for handle ctcellxfs1322type
22:27:35.647 TRACE common.XBeanDebug -Resolving type for handle ctxf97f7type
22:27:35.652 TRACE common.XBeanDebug -Resolving type for handle ctcellstylexfsa81ftype
22:27:35.654 TRACE common.XBeanDebug -Resolving type for handle ctdxfsb26atype
22:27:35.657 TRACE common.XBeanDebug -Resolving type for handle cttablestyles872ftype
22:27:35.663 TRACE common.XBeanDebug -Resolving type for handle sstf81fdoctype
22:27:35.667 TRACE common.XBeanDebug -Resolving type for handle ctsst44f3type
22:27:35.680 TRACE common.XBeanDebug -Resolving type for handle ctrsta472type
22:27:35.697 TRACE common.XBeanDebug -Resolving type for handle workbookec17doctype
22:27:35.703 TRACE common.XBeanDebug -Resolving type for handle ctworkbook83c3type
22:27:35.707 TRACE common.XBeanDebug -Resolving type for handle ctsheets49fdtype
22:27:35.715 TRACE common.XBeanDebug -Resolving type for handle ctsheet4dbetype
22:27:35.718 TRACE common.XBeanDebug -Resolving type for handle strelationshipid1e94type
22:27:35.721 TRACE common.XBeanDebug -Resolving type for handle worksheetf539doctype
22:27:35.726 TRACE common.XBeanDebug -Resolving type for handle ctworksheet530dtype
22:27:35.731 TRACE common.XBeanDebug -Resolving type for handle ctsheetdata8408type
22:27:35.736 TRACE common.XBeanDebug -Resolving type for handle ctrowdd39type
22:27:35.742 TRACE common.XBeanDebug -Resolving type for handle ctcell842btype
22:27:35.751 TRACE common.XBeanDebug -Resolving type for handle stcellrefe4e0type
22:27:35.753 TRACE common.XBeanDebug -Resolving type for handle ctcols627ctype
22:27:35.780 TRACE common.XBeanDebug -Resolving type for handle stxstringf179type
22:27:35.787 TRACE common.XBeanDebug -Resolving type for handle stcelltypebf95type
22:27:36.189 INFO  BaseClasses.CustomDriver -send keys on element :: email with data kirankatkar3317@gmail.com
22:27:36.292 INFO  BaseClasses.CustomDriver -send keys on element :: password with data Kiran@3317
22:27:37.079 INFO  BaseClasses.CustomDriver -waiting for max:: 5 seconds for element to visible
22:27:37.097 INFO  BaseClasses.CustomDriver -element is visible on webpage
22:27:37.120 INFO  BaseClasses.CustomDriver -element :: account logo displayed is displayed
22:27:37.178 INFO  BaseClasses.CustomDriver -clicked on clicked on joblink
22:27:37.302 INFO  BaseClasses.CustomDriver -clicked on click on filter button
22:27:37.322 INFO  BaseClasses.CustomDriver -waiting for max:: 2 seconds for element to clickable
22:27:37.364 INFO  BaseClasses.CustomDriver -wait for 2 seconds to clicked on element is successfulfilter company dropdown
22:27:37.455 INFO  BaseClasses.CustomDriver -send keys on element :: filter company dropdownwith data ma
22:27:37.468 INFO  BaseClasses.CustomDriver -waiting for max:: 2 seconds for element to visible
22:27:37.485 INFO  BaseClasses.CustomDriver -element is visible on webpage
22:28:55.115 INFO  BaseTestCases.WebDriverFactory -driver binary ::C:\Users\LENOVO\pageobject\ModidiedOnline\drivers\chromedriver.exe
22:28:55.315 DEBUG logging.InternalLoggerFactory -Using Log4J2 as the default logging framework
22:28:55.325 DEBUG util.ResourceLeakDetector --Dio.netty.leakDetection.level: simple
22:28:55.325 DEBUG util.ResourceLeakDetector --Dio.netty.leakDetection.targetRecords: 4
22:28:55.332 DEBUG util.ResourceLeakDetectorFactory -Loaded default ResourceLeakDetector: io.netty.util.ResourceLeakDetector@344b8190
22:28:55.360 DEBUG internal.PlatformDependent0 --Dio.netty.noUnsafe: false
22:28:55.360 DEBUG internal.PlatformDependent0 -Java version: 17
22:28:55.362 DEBUG internal.PlatformDependent0 -sun.misc.Unsafe.theUnsafe: available
22:28:55.363 DEBUG internal.PlatformDependent0 -sun.misc.Unsafe.copyMemory: available
22:28:55.364 DEBUG internal.PlatformDependent0 -sun.misc.Unsafe.storeFence: available
22:28:55.364 DEBUG internal.PlatformDependent0 -java.nio.Buffer.address: available
22:28:55.365 DEBUG internal.PlatformDependent0 -direct buffer constructor: unavailable
java.lang.UnsupportedOperationException: Reflective setAccessible(true) disabled
	at io.netty.util.internal.ReflectionUtil.trySetAccessible(ReflectionUtil.java:31) ~[netty-common-4.1.84.Final.jar:4.1.84.Final]
	at io.netty.util.internal.PlatformDependent0$5.run(PlatformDependent0.java:288) ~[netty-common-4.1.84.Final.jar:4.1.84.Final]
	at java.security.AccessController.doPrivileged(AccessController.java:318) ~[?:?]
	at io.netty.util.internal.PlatformDependent0.<clinit>(PlatformDependent0.java:282) ~[netty-common-4.1.84.Final.jar:4.1.84.Final]
	at io.netty.util.internal.PlatformDependent.isAndroid(PlatformDependent.java:333) ~[netty-common-4.1.84.Final.jar:4.1.84.Final]
	at io.netty.util.internal.PlatformDependent.<clinit>(PlatformDependent.java:88) ~[netty-common-4.1.84.Final.jar:4.1.84.Final]
	at io.netty.util.HashedWheelTimer.<init>(HashedWheelTimer.java:114) ~[netty-common-4.1.84.Final.jar:4.1.84.Final]
	at io.netty.util.HashedWheelTimer.<init>(HashedWheelTimer.java:251) ~[netty-common-4.1.84.Final.jar:4.1.84.Final]
	at io.netty.util.HashedWheelTimer.<init>(HashedWheelTimer.java:224) ~[netty-common-4.1.84.Final.jar:4.1.84.Final]
	at io.netty.util.HashedWheelTimer.<init>(HashedWheelTimer.java:203) ~[netty-common-4.1.84.Final.jar:4.1.84.Final]
	at org.asynchttpclient.DefaultAsyncHttpClient.newNettyTimer(DefaultAsyncHttpClient.java:111) ~[async-http-client-2.12.3.jar:?]
	at org.asynchttpclient.DefaultAsyncHttpClient.<init>(DefaultAsyncHttpClient.java:90) ~[async-http-client-2.12.3.jar:?]
	at org.asynchttpclient.Dsl.asyncHttpClient(Dsl.java:32) ~[async-http-client-2.12.3.jar:?]
	at org.openqa.selenium.remote.http.netty.NettyClient.createHttpClient(NettyClient.java:94) ~[selenium-remote-driver-4.7.2.jar:?]
	at org.openqa.selenium.remote.http.netty.NettyClient.<clinit>(NettyClient.java:47) ~[selenium-remote-driver-4.7.2.jar:?]
	at org.openqa.selenium.remote.http.netty.NettyClient$Factory.createClient(NettyClient.java:135) ~[selenium-remote-driver-4.7.2.jar:?]
	at org.openqa.selenium.remote.HttpCommandExecutor.<init>(HttpCommandExecutor.java:107) ~[selenium-remote-driver-4.7.2.jar:?]
	at org.openqa.selenium.remote.HttpCommandExecutor.<init>(HttpCommandExecutor.java:94) ~[selenium-remote-driver-4.7.2.jar:?]
	at org.openqa.selenium.remote.HttpCommandExecutor.<init>(HttpCommandExecutor.java:85) ~[selenium-remote-driver-4.7.2.jar:?]
	at org.openqa.selenium.remote.service.DriverCommandExecutor.<init>(DriverCommandExecutor.java:80) ~[selenium-remote-driver-4.7.2.jar:?]
	at org.openqa.selenium.chromium.ChromiumDriverCommandExecutor.<init>(ChromiumDriverCommandExecutor.java:35) ~[selenium-chromium-driver-4.7.2.jar:?]
	at org.openqa.selenium.chrome.ChromeDriver$ChromeDriverCommandExecutor.<init>(ChromeDriver.java:94) ~[selenium-chrome-driver-4.7.2.jar:?]
	at org.openqa.selenium.chrome.ChromeDriver.<init>(ChromeDriver.java:82) ~[selenium-chrome-driver-4.7.2.jar:?]
	at org.openqa.selenium.chrome.ChromeDriver.<init>(ChromeDriver.java:71) ~[selenium-chrome-driver-4.7.2.jar:?]
	at com.wa.ModifiedOnline.BaseTestCases.WebDriverFactory.getDriver(WebDriverFactory.java:41) ~[test-classes/:?]
	at com.wa.ModifiedOnline.BaseTestCases.BaseTest.commonSetup(BaseTest.java:31) ~[test-classes/:?]
	at jdk.internal.reflect.NativeMethodAccessorImpl.invoke0(Native Method) ~[?:?]
	at jdk.internal.reflect.NativeMethodAccessorImpl.invoke(NativeMethodAccessorImpl.java:77) ~[?:?]
	at jdk.internal.reflect.DelegatingMethodAccessorImpl.invoke(DelegatingMethodAccessorImpl.java:43) ~[?:?]
	at java.lang.reflect.Method.invoke(Method.java:568) ~[?:?]
	at org.testng.internal.MethodInvocationHelper.invokeMethod(MethodInvocationHelper.java:133) ~[org.testng_7.4.0.r202105021533.jar:7.4.0]
	at org.testng.internal.MethodInvocationHelper.invokeMethodConsideringTimeout(MethodInvocationHelper.java:62) ~[org.testng_7.4.0.r202105021533.jar:7.4.0]
	at org.testng.internal.ConfigInvoker.invokeConfigurationMethod(ConfigInvoker.java:385) ~[org.testng_7.4.0.r202105021533.jar:7.4.0]
	at org.testng.internal.ConfigInvoker.invokeConfigurations(ConfigInvoker.java:321) ~[org.testng_7.4.0.r202105021533.jar:7.4.0]
	at org.testng.internal.TestMethodWorker.invokeBeforeClassMethods(TestMethodWorker.java:176) ~[org.testng_7.4.0.r202105021533.jar:7.4.0]
	at org.testng.internal.TestMethodWorker.run(TestMethodWorker.java:122) ~[org.testng_7.4.0.r202105021533.jar:7.4.0]
	at java.util.ArrayList.forEach(ArrayList.java:1511) ~[?:?]
	at org.testng.TestRunner.privateRun(TestRunner.java:794) ~[org.testng_7.4.0.r202105021533.jar:7.4.0]
	at org.testng.TestRunner.run(TestRunner.java:596) ~[org.testng_7.4.0.r202105021533.jar:7.4.0]
	at org.testng.SuiteRunner.runTest(SuiteRunner.java:377) ~[org.testng_7.4.0.r202105021533.jar:7.4.0]
	at org.testng.SuiteRunner.runSequentially(SuiteRunner.java:371) ~[org.testng_7.4.0.r202105021533.jar:7.4.0]
	at org.testng.SuiteRunner.privateRun(SuiteRunner.java:332) ~[org.testng_7.4.0.r202105021533.jar:7.4.0]
	at org.testng.SuiteRunner.run(SuiteRunner.java:276) ~[org.testng_7.4.0.r202105021533.jar:7.4.0]
	at org.testng.SuiteRunnerWorker.runSuite(SuiteRunnerWorker.java:53) ~[org.testng_7.4.0.r202105021533.jar:7.4.0]
	at org.testng.SuiteRunnerWorker.run(SuiteRunnerWorker.java:96) ~[org.testng_7.4.0.r202105021533.jar:7.4.0]
	at org.testng.TestNG.runSuitesSequentially(TestNG.java:1212) ~[org.testng_7.4.0.r202105021533.jar:7.4.0]
	at org.testng.TestNG.runSuitesLocally(TestNG.java:1134) ~[org.testng_7.4.0.r202105021533.jar:7.4.0]
	at org.testng.TestNG.runSuites(TestNG.java:1063) ~[org.testng_7.4.0.r202105021533.jar:7.4.0]
	at org.testng.TestNG.run(TestNG.java:1031) ~[org.testng_7.4.0.r202105021533.jar:7.4.0]
	at org.testng.remote.AbstractRemoteTestNG.run(AbstractRemoteTestNG.java:115) ~[testng-remote.jar:?]
	at org.testng.remote.RemoteTestNG.initAndRun(RemoteTestNG.java:251) ~[testng-remote.jar:?]
	at org.testng.remote.RemoteTestNG.main(RemoteTestNG.java:77) ~[testng-remote.jar:?]
22:28:55.379 DEBUG internal.PlatformDependent0 -java.nio.Bits.unaligned: available, true
22:28:55.380 DEBUG internal.PlatformDependent0 -jdk.internal.misc.Unsafe.allocateUninitializedArray(int): unavailable
java.lang.IllegalAccessException: class io.netty.util.internal.PlatformDependent0$7 cannot access class jdk.internal.misc.Unsafe (in module java.base) because module java.base does not export jdk.internal.misc to unnamed module @9f70c54
	at jdk.internal.reflect.Reflection.newIllegalAccessException(Reflection.java:392) ~[?:?]
	at java.lang.reflect.AccessibleObject.checkAccess(AccessibleObject.java:674) ~[?:?]
	at java.lang.reflect.Method.invoke(Method.java:560) ~[?:?]
	at io.netty.util.internal.PlatformDependent0$7.run(PlatformDependent0.java:410) ~[netty-common-4.1.84.Final.jar:4.1.84.Final]
	at java.security.AccessController.doPrivileged(AccessController.java:318) ~[?:?]
	at io.netty.util.internal.PlatformDependent0.<clinit>(PlatformDependent0.java:401) ~[netty-common-4.1.84.Final.jar:4.1.84.Final]
	at io.netty.util.internal.PlatformDependent.isAndroid(PlatformDependent.java:333) ~[netty-common-4.1.84.Final.jar:4.1.84.Final]
	at io.netty.util.internal.PlatformDependent.<clinit>(PlatformDependent.java:88) ~[netty-common-4.1.84.Final.jar:4.1.84.Final]
	at io.netty.util.HashedWheelTimer.<init>(HashedWheelTimer.java:114) ~[netty-common-4.1.84.Final.jar:4.1.84.Final]
	at io.netty.util.HashedWheelTimer.<init>(HashedWheelTimer.java:251) ~[netty-common-4.1.84.Final.jar:4.1.84.Final]
	at io.netty.util.HashedWheelTimer.<init>(HashedWheelTimer.java:224) ~[netty-common-4.1.84.Final.jar:4.1.84.Final]
	at io.netty.util.HashedWheelTimer.<init>(HashedWheelTimer.java:203) ~[netty-common-4.1.84.Final.jar:4.1.84.Final]
	at org.asynchttpclient.DefaultAsyncHttpClient.newNettyTimer(DefaultAsyncHttpClient.java:111) ~[async-http-client-2.12.3.jar:?]
	at org.asynchttpclient.DefaultAsyncHttpClient.<init>(DefaultAsyncHttpClient.java:90) ~[async-http-client-2.12.3.jar:?]
	at org.asynchttpclient.Dsl.asyncHttpClient(Dsl.java:32) ~[async-http-client-2.12.3.jar:?]
	at org.openqa.selenium.remote.http.netty.NettyClient.createHttpClient(NettyClient.java:94) ~[selenium-remote-driver-4.7.2.jar:?]
	at org.openqa.selenium.remote.http.netty.NettyClient.<clinit>(NettyClient.java:47) ~[selenium-remote-driver-4.7.2.jar:?]
	at org.openqa.selenium.remote.http.netty.NettyClient$Factory.createClient(NettyClient.java:135) ~[selenium-remote-driver-4.7.2.jar:?]
	at org.openqa.selenium.remote.HttpCommandExecutor.<init>(HttpCommandExecutor.java:107) ~[selenium-remote-driver-4.7.2.jar:?]
	at org.openqa.selenium.remote.HttpCommandExecutor.<init>(HttpCommandExecutor.java:94) ~[selenium-remote-driver-4.7.2.jar:?]
	at org.openqa.selenium.remote.HttpCommandExecutor.<init>(HttpCommandExecutor.java:85) ~[selenium-remote-driver-4.7.2.jar:?]
	at org.openqa.selenium.remote.service.DriverCommandExecutor.<init>(DriverCommandExecutor.java:80) ~[selenium-remote-driver-4.7.2.jar:?]
	at org.openqa.selenium.chromium.ChromiumDriverCommandExecutor.<init>(ChromiumDriverCommandExecutor.java:35) ~[selenium-chromium-driver-4.7.2.jar:?]
	at org.openqa.selenium.chrome.ChromeDriver$ChromeDriverCommandExecutor.<init>(ChromeDriver.java:94) ~[selenium-chrome-driver-4.7.2.jar:?]
	at org.openqa.selenium.chrome.ChromeDriver.<init>(ChromeDriver.java:82) ~[selenium-chrome-driver-4.7.2.jar:?]
	at org.openqa.selenium.chrome.ChromeDriver.<init>(ChromeDriver.java:71) ~[selenium-chrome-driver-4.7.2.jar:?]
	at com.wa.ModifiedOnline.BaseTestCases.WebDriverFactory.getDriver(WebDriverFactory.java:41) ~[test-classes/:?]
	at com.wa.ModifiedOnline.BaseTestCases.BaseTest.commonSetup(BaseTest.java:31) ~[test-classes/:?]
	at jdk.internal.reflect.NativeMethodAccessorImpl.invoke0(Native Method) ~[?:?]
	at jdk.internal.reflect.NativeMethodAccessorImpl.invoke(NativeMethodAccessorImpl.java:77) ~[?:?]
	at jdk.internal.reflect.DelegatingMethodAccessorImpl.invoke(DelegatingMethodAccessorImpl.java:43) ~[?:?]
	at java.lang.reflect.Method.invoke(Method.java:568) ~[?:?]
	at org.testng.internal.MethodInvocationHelper.invokeMethod(MethodInvocationHelper.java:133) ~[org.testng_7.4.0.r202105021533.jar:7.4.0]
	at org.testng.internal.MethodInvocationHelper.invokeMethodConsideringTimeout(MethodInvocationHelper.java:62) ~[org.testng_7.4.0.r202105021533.jar:7.4.0]
	at org.testng.internal.ConfigInvoker.invokeConfigurationMethod(ConfigInvoker.java:385) ~[org.testng_7.4.0.r202105021533.jar:7.4.0]
	at org.testng.internal.ConfigInvoker.invokeConfigurations(ConfigInvoker.java:321) ~[org.testng_7.4.0.r202105021533.jar:7.4.0]
	at org.testng.internal.TestMethodWorker.invokeBeforeClassMethods(TestMethodWorker.java:176) ~[org.testng_7.4.0.r202105021533.jar:7.4.0]
	at org.testng.internal.TestMethodWorker.run(TestMethodWorker.java:122) ~[org.testng_7.4.0.r202105021533.jar:7.4.0]
	at java.util.ArrayList.forEach(ArrayList.java:1511) ~[?:?]
	at org.testng.TestRunner.privateRun(TestRunner.java:794) ~[org.testng_7.4.0.r202105021533.jar:7.4.0]
	at org.testng.TestRunner.run(TestRunner.java:596) ~[org.testng_7.4.0.r202105021533.jar:7.4.0]
	at org.testng.SuiteRunner.runTest(SuiteRunner.java:377) ~[org.testng_7.4.0.r202105021533.jar:7.4.0]
	at org.testng.SuiteRunner.runSequentially(SuiteRunner.java:371) ~[org.testng_7.4.0.r202105021533.jar:7.4.0]
	at org.testng.SuiteRunner.privateRun(SuiteRunner.java:332) ~[org.testng_7.4.0.r202105021533.jar:7.4.0]
	at org.testng.SuiteRunner.run(SuiteRunner.java:276) ~[org.testng_7.4.0.r202105021533.jar:7.4.0]
	at org.testng.SuiteRunnerWorker.runSuite(SuiteRunnerWorker.java:53) ~[org.testng_7.4.0.r202105021533.jar:7.4.0]
	at org.testng.SuiteRunnerWorker.run(SuiteRunnerWorker.java:96) ~[org.testng_7.4.0.r202105021533.jar:7.4.0]
	at org.testng.TestNG.runSuitesSequentially(TestNG.java:1212) ~[org.testng_7.4.0.r202105021533.jar:7.4.0]
	at org.testng.TestNG.runSuitesLocally(TestNG.java:1134) ~[org.testng_7.4.0.r202105021533.jar:7.4.0]
	at org.testng.TestNG.runSuites(TestNG.java:1063) ~[org.testng_7.4.0.r202105021533.jar:7.4.0]
	at org.testng.TestNG.run(TestNG.java:1031) ~[org.testng_7.4.0.r202105021533.jar:7.4.0]
	at org.testng.remote.AbstractRemoteTestNG.run(AbstractRemoteTestNG.java:115) ~[testng-remote.jar:?]
	at org.testng.remote.RemoteTestNG.initAndRun(RemoteTestNG.java:251) ~[testng-remote.jar:?]
	at org.testng.remote.RemoteTestNG.main(RemoteTestNG.java:77) ~[testng-remote.jar:?]
22:28:55.384 DEBUG internal.PlatformDependent0 -java.nio.DirectByteBuffer.<init>(long, int): unavailable
22:28:55.384 DEBUG internal.PlatformDependent -sun.misc.Unsafe: available
22:28:55.384 DEBUG internal.PlatformDependent -maxDirectMemory: 1574961152 bytes (maybe)
22:28:55.385 DEBUG internal.PlatformDependent --Dio.netty.tmpdir: C:\Users\LENOVO\AppData\Local\Temp (java.io.tmpdir)
22:28:55.385 DEBUG internal.PlatformDependent --Dio.netty.bitMode: 64 (sun.arch.data.model)
22:28:55.386 DEBUG internal.PlatformDependent -Platform: Windows
22:28:55.387 DEBUG internal.PlatformDependent --Dio.netty.maxDirectMemory: -1 bytes
22:28:55.387 DEBUG internal.PlatformDependent --Dio.netty.uninitializedArrayAllocationThreshold: -1
22:28:55.389 DEBUG internal.CleanerJava9 -java.nio.ByteBuffer.cleaner(): available
22:28:55.389 DEBUG internal.PlatformDependent --Dio.netty.noPreferDirect: false
22:28:55.400 DEBUG internal.PlatformDependent -org.jctools-core.MpscChunkedArrayQueue: available
22:28:55.434 DEBUG internal.InternalThreadLocalMap --Dio.netty.threadLocalMap.stringBuilder.initialSize: 1024
22:28:55.434 DEBUG internal.InternalThreadLocalMap --Dio.netty.threadLocalMap.stringBuilder.maxSize: 4096
22:28:55.637 DEBUG ssl.JdkSslContext -Default protocols (JDK): [TLSv1.3, TLSv1.2] 
22:28:55.637 DEBUG ssl.JdkSslContext -Default cipher suites (JDK): [TLS_ECDHE_ECDSA_WITH_AES_256_GCM_SHA384, TLS_ECDHE_ECDSA_WITH_AES_128_GCM_SHA256, TLS_ECDHE_RSA_WITH_AES_128_GCM_SHA256, TLS_ECDHE_RSA_WITH_AES_256_GCM_SHA384, TLS_ECDHE_RSA_WITH_AES_128_CBC_SHA, TLS_ECDHE_RSA_WITH_AES_256_CBC_SHA, TLS_RSA_WITH_AES_128_GCM_SHA256, TLS_RSA_WITH_AES_128_CBC_SHA, TLS_RSA_WITH_AES_256_CBC_SHA, TLS_AES_128_GCM_SHA256, TLS_AES_256_GCM_SHA384]
22:28:55.676 DEBUG channel.MultithreadEventLoopGroup --Dio.netty.eventLoopThreads: 24
22:28:55.689 DEBUG nio.NioEventLoop --Dio.netty.noKeySetOptimization: false
22:28:55.689 DEBUG nio.NioEventLoop --Dio.netty.selectorAutoRebuildThreshold: 512
22:28:55.710 TRACE nio.NioEventLoop -instrumented a special java.util.Set into: sun.nio.ch.WEPollSelectorImpl@28a6301f
22:28:55.713 TRACE nio.NioEventLoop -instrumented a special java.util.Set into: sun.nio.ch.WEPollSelectorImpl@3b7b05a8
22:28:55.714 TRACE nio.NioEventLoop -instrumented a special java.util.Set into: sun.nio.ch.WEPollSelectorImpl@3d36dff4
22:28:55.716 TRACE nio.NioEventLoop -instrumented a special java.util.Set into: sun.nio.ch.WEPollSelectorImpl@7abe27bf
22:28:55.717 TRACE nio.NioEventLoop -instrumented a special java.util.Set into: sun.nio.ch.WEPollSelectorImpl@5b94ccbc
22:28:55.718 TRACE nio.NioEventLoop -instrumented a special java.util.Set into: sun.nio.ch.WEPollSelectorImpl@38a1c423
22:28:55.720 TRACE nio.NioEventLoop -instrumented a special java.util.Set into: sun.nio.ch.WEPollSelectorImpl@336365bc
22:28:55.721 TRACE nio.NioEventLoop -instrumented a special java.util.Set into: sun.nio.ch.WEPollSelectorImpl@38eb2fb0
22:28:55.723 TRACE nio.NioEventLoop -instrumented a special java.util.Set into: sun.nio.ch.WEPollSelectorImpl@4567e53d
22:28:55.724 TRACE nio.NioEventLoop -instrumented a special java.util.Set into: sun.nio.ch.WEPollSelectorImpl@7351a16e
22:28:55.726 TRACE nio.NioEventLoop -instrumented a special java.util.Set into: sun.nio.ch.WEPollSelectorImpl@5bb7643d
22:28:55.728 TRACE nio.NioEventLoop -instrumented a special java.util.Set into: sun.nio.ch.WEPollSelectorImpl@3ac04654
22:28:55.730 TRACE nio.NioEventLoop -instrumented a special java.util.Set into: sun.nio.ch.WEPollSelectorImpl@4074023c
22:28:55.731 TRACE nio.NioEventLoop -instrumented a special java.util.Set into: sun.nio.ch.WEPollSelectorImpl@3ed0918d
22:28:55.732 TRACE nio.NioEventLoop -instrumented a special java.util.Set into: sun.nio.ch.WEPollSelectorImpl@5e268ce6
22:28:55.734 TRACE nio.NioEventLoop -instrumented a special java.util.Set into: sun.nio.ch.WEPollSelectorImpl@66ec9390
22:28:55.735 TRACE nio.NioEventLoop -instrumented a special java.util.Set into: sun.nio.ch.WEPollSelectorImpl@6e91893
22:28:55.736 TRACE nio.NioEventLoop -instrumented a special java.util.Set into: sun.nio.ch.WEPollSelectorImpl@3c0fbd3a
22:28:55.738 TRACE nio.NioEventLoop -instrumented a special java.util.Set into: sun.nio.ch.WEPollSelectorImpl@562457e1
22:28:55.739 TRACE nio.NioEventLoop -instrumented a special java.util.Set into: sun.nio.ch.WEPollSelectorImpl@54562ea6
22:28:55.741 TRACE nio.NioEventLoop -instrumented a special java.util.Set into: sun.nio.ch.WEPollSelectorImpl@1a35993f
22:28:55.742 TRACE nio.NioEventLoop -instrumented a special java.util.Set into: sun.nio.ch.WEPollSelectorImpl@5b12012e
22:28:55.747 TRACE nio.NioEventLoop -instrumented a special java.util.Set into: sun.nio.ch.WEPollSelectorImpl@2f7dcef2
22:28:55.748 TRACE nio.NioEventLoop -instrumented a special java.util.Set into: sun.nio.ch.WEPollSelectorImpl@4a3be6a5
22:28:55.777 DEBUG buffer.PooledByteBufAllocator --Dio.netty.allocator.numHeapArenas: 24
22:28:55.777 DEBUG buffer.PooledByteBufAllocator --Dio.netty.allocator.numDirectArenas: 24
22:28:55.778 DEBUG buffer.PooledByteBufAllocator --Dio.netty.allocator.pageSize: 8192
22:28:55.778 DEBUG buffer.PooledByteBufAllocator --Dio.netty.allocator.maxOrder: 9
22:28:55.778 DEBUG buffer.PooledByteBufAllocator --Dio.netty.allocator.chunkSize: 4194304
22:28:55.778 DEBUG buffer.PooledByteBufAllocator --Dio.netty.allocator.smallCacheSize: 256
22:28:55.778 DEBUG buffer.PooledByteBufAllocator --Dio.netty.allocator.normalCacheSize: 64
22:28:55.778 DEBUG buffer.PooledByteBufAllocator --Dio.netty.allocator.maxCachedBufferCapacity: 32768
22:28:55.778 DEBUG buffer.PooledByteBufAllocator --Dio.netty.allocator.cacheTrimInterval: 8192
22:28:55.778 DEBUG buffer.PooledByteBufAllocator --Dio.netty.allocator.cacheTrimIntervalMillis: 0
22:28:55.778 DEBUG buffer.PooledByteBufAllocator --Dio.netty.allocator.useCacheForAllThreads: false
22:28:55.778 DEBUG buffer.PooledByteBufAllocator --Dio.netty.allocator.maxCachedByteBuffersPerChunk: 1023
22:28:55.790 DEBUG buffer.ByteBufUtil --Dio.netty.allocator.type: pooled
22:28:55.790 DEBUG buffer.ByteBufUtil --Dio.netty.threadLocalDirectBufferSize: 0
22:28:55.790 DEBUG buffer.ByteBufUtil --Dio.netty.maxThreadLocalCharBufferSize: 16384
22:28:56.139 DEBUG channel.DefaultChannelId --Dio.netty.processId: 83028 (auto-detected)
22:28:56.141 DEBUG util.NetUtil --Djava.net.preferIPv4Stack: false
22:28:56.141 DEBUG util.NetUtil --Djava.net.preferIPv6Addresses: false
22:28:56.149 DEBUG util.NetUtilInitializations -Loopback interface: lo (Software Loopback Interface 1, 127.0.0.1)
22:28:56.151 DEBUG util.NetUtil -Failed to get SOMAXCONN from sysctl and file \proc\sys\net\core\somaxconn. Default: 200
22:28:56.165 DEBUG channel.DefaultChannelId --Dio.netty.machineId: 00:45:e2:ff:fe:82:f7:93 (auto-detected)
22:28:56.226 DEBUG buffer.AbstractByteBuf --Dio.netty.buffer.checkAccessible: true
22:28:56.226 DEBUG buffer.AbstractByteBuf --Dio.netty.buffer.checkBounds: true
22:28:56.226 DEBUG util.ResourceLeakDetectorFactory -Loaded default ResourceLeakDetector: io.netty.util.ResourceLeakDetector@2a6e2b9f
22:28:56.249 DEBUG util.Recycler --Dio.netty.recycler.maxCapacityPerThread: 4096
22:28:56.249 DEBUG util.Recycler --Dio.netty.recycler.ratio: 8
22:28:56.249 DEBUG util.Recycler --Dio.netty.recycler.chunkSize: 32
22:28:56.249 DEBUG util.Recycler --Dio.netty.recycler.blocking: false
22:28:57.774 DEBUG compression.Brotli -brotli4j not in the classpath; Brotli support will be unavailable.
22:28:57.915 DEBUG internal.ThreadLocalRandom --Dio.netty.initialSeedUniquifier: 0x23ce99e10b1438b4
22:29:03.956 INFO  BaseClasses.CustomDriver -waiting for max:: 2 seconds for element to visible
22:29:04.002 INFO  BaseClasses.CustomDriver -element is visible on webpage
22:29:04.085 INFO  BaseClasses.CustomDriver -clicked on clicked on login
22:29:04.214 INFO  BaseClasses.CustomDriver -clicked on click on login with email
22:29:04.378 DEBUG opc.PackageRelationshipCollection -Parsing relationship: /xl/_rels/workbook.xml.rels
22:29:04.381 DEBUG opc.PackageRelationshipCollection -Parsing relationship: /_rels/.rels
22:29:04.630 TRACE common.XBeanDebug -Loading type system org.apache.poi.schemas.ooxml.system.ooxml
22:29:04.631 TRACE common.XBeanDebug -Loading type system org.apache.xmlbeans.metadata.system.sXMLCONFIG
22:29:04.631 TRACE common.XBeanDebug -Loading type system org.apache.xmlbeans.metadata.system.sXMLLANG
22:29:04.631 TRACE common.XBeanDebug -Loading type system org.apache.xmlbeans.metadata.system.sXMLSCHEMA
22:29:04.631 TRACE common.XBeanDebug -Loading type system org.apache.xmlbeans.metadata.system.sXMLTOOLS
22:29:04.636 TRACE common.XBeanDebug -Reading unresolved handles for type system org.apache.xmlbeans.metadata.system.sXMLTOOLS
22:29:04.653 TRACE common.XBeanDebug -Finished loading type system org.apache.xmlbeans.metadata.system.sXMLTOOLS
22:29:04.654 TRACE common.XBeanDebug -Reading unresolved handles for type system org.apache.xmlbeans.metadata.system.sXMLSCHEMA
22:29:04.660 TRACE common.XBeanDebug -Finished loading type system org.apache.xmlbeans.metadata.system.sXMLSCHEMA
22:29:04.662 TRACE common.XBeanDebug -Reading unresolved handles for type system org.apache.xmlbeans.metadata.system.sXMLLANG
22:29:04.662 TRACE common.XBeanDebug -Finished loading type system org.apache.xmlbeans.metadata.system.sXMLLANG
22:29:04.662 TRACE common.XBeanDebug -Reading unresolved handles for type system org.apache.xmlbeans.metadata.system.sXMLCONFIG
22:29:04.662 TRACE common.XBeanDebug -Finished loading type system org.apache.xmlbeans.metadata.system.sXMLCONFIG
22:29:04.666 TRACE common.XBeanDebug -Reading unresolved handles for type system org.apache.poi.schemas.ooxml.system.ooxml
22:29:04.718 TRACE common.XBeanDebug -Finished loading type system org.apache.poi.schemas.ooxml.system.ooxml
22:29:04.718 TRACE common.XBeanDebug -Resolving type for handle themefd26doctype
22:29:04.795 TRACE common.XBeanDebug -Resolving type for handle stylesheet5d8bdoctype
22:29:04.801 TRACE common.XBeanDebug -Resolving type for handle ctstylesheet4257type
22:29:04.807 TRACE common.XBeanDebug -Resolving type for handle ctfonts6623type
22:29:04.813 TRACE common.XBeanDebug -Resolving type for handle ctfont14d8type
22:29:04.815 TRACE common.XBeanDebug -Resolving type for handle ctfills2c6ftype
22:29:04.824 TRACE common.XBeanDebug -Resolving type for handle ctfill550ctype
22:29:04.827 TRACE common.XBeanDebug -Resolving type for handle ctborders0d66type
22:29:04.831 TRACE common.XBeanDebug -Resolving type for handle ctborderf935type
22:29:04.835 TRACE common.XBeanDebug -Resolving type for handle ctcellxfs1322type
22:29:04.839 TRACE common.XBeanDebug -Resolving type for handle ctxf97f7type
22:29:04.843 TRACE common.XBeanDebug -Resolving type for handle ctcellstylexfsa81ftype
22:29:04.846 TRACE common.XBeanDebug -Resolving type for handle ctdxfsb26atype
22:29:04.850 TRACE common.XBeanDebug -Resolving type for handle cttablestyles872ftype
22:29:04.855 TRACE common.XBeanDebug -Resolving type for handle sstf81fdoctype
22:29:04.860 TRACE common.XBeanDebug -Resolving type for handle ctsst44f3type
22:29:04.875 TRACE common.XBeanDebug -Resolving type for handle ctrsta472type
22:29:04.897 TRACE common.XBeanDebug -Resolving type for handle workbookec17doctype
22:29:04.903 TRACE common.XBeanDebug -Resolving type for handle ctworkbook83c3type
22:29:04.912 TRACE common.XBeanDebug -Resolving type for handle ctsheets49fdtype
22:29:04.916 TRACE common.XBeanDebug -Resolving type for handle ctsheet4dbetype
22:29:04.919 TRACE common.XBeanDebug -Resolving type for handle strelationshipid1e94type
22:29:04.924 TRACE common.XBeanDebug -Resolving type for handle worksheetf539doctype
22:29:04.931 TRACE common.XBeanDebug -Resolving type for handle ctworksheet530dtype
22:29:04.940 TRACE common.XBeanDebug -Resolving type for handle ctsheetdata8408type
22:29:04.948 TRACE common.XBeanDebug -Resolving type for handle ctrowdd39type
22:29:04.957 TRACE common.XBeanDebug -Resolving type for handle ctcell842btype
22:29:04.970 TRACE common.XBeanDebug -Resolving type for handle stcellrefe4e0type
22:29:04.981 TRACE common.XBeanDebug -Resolving type for handle ctcols627ctype
22:29:05.004 TRACE common.XBeanDebug -Resolving type for handle stxstringf179type
22:29:05.012 TRACE common.XBeanDebug -Resolving type for handle stcelltypebf95type
22:29:05.220 INFO  BaseClasses.CustomDriver -send keys on element :: email with data kirankatkar3317@gmail.com
22:29:05.332 INFO  BaseClasses.CustomDriver -send keys on element :: password with data Kiran@3317
22:29:06.293 INFO  BaseClasses.CustomDriver -waiting for max:: 5 seconds for element to visible
22:29:06.322 INFO  BaseClasses.CustomDriver -element is visible on webpage
22:29:06.349 INFO  BaseClasses.CustomDriver -element :: account logo displayed is displayed
22:29:06.414 INFO  BaseClasses.CustomDriver -clicked on clicked on joblink
22:29:06.562 INFO  BaseClasses.CustomDriver -clicked on click on filter button
22:29:06.578 INFO  BaseClasses.CustomDriver -waiting for max:: 2 seconds for element to clickable
22:29:06.640 INFO  BaseClasses.CustomDriver -wait for 2 seconds to clicked on element is successfulfilter company dropdown
22:29:06.766 INFO  BaseClasses.CustomDriver -send keys on element :: filter company dropdownwith data ma
22:29:09.824 ERROR BaseClasses.CustomDriver -element not found with ::By.xpath=>//span[normalize-space()='InsideIIM']
22:29:09.831 INFO  BaseClasses.CustomDriver -waiting for max:: 2 seconds for element to visible
22:29:09.831 ERROR BaseClasses.CustomDriver -element not appeared on webpage
22:32:03.289 INFO  BaseTestCases.WebDriverFactory -driver binary ::C:\Users\LENOVO\pageobject\ModidiedOnline\drivers\chromedriver.exe
22:32:03.551 DEBUG logging.InternalLoggerFactory -Using Log4J2 as the default logging framework
22:32:03.563 DEBUG util.ResourceLeakDetector --Dio.netty.leakDetection.level: simple
22:32:03.563 DEBUG util.ResourceLeakDetector --Dio.netty.leakDetection.targetRecords: 4
22:32:03.571 DEBUG util.ResourceLeakDetectorFactory -Loaded default ResourceLeakDetector: io.netty.util.ResourceLeakDetector@78d50a3c
22:32:03.604 DEBUG internal.PlatformDependent0 --Dio.netty.noUnsafe: false
22:32:03.604 DEBUG internal.PlatformDependent0 -Java version: 17
22:32:03.606 DEBUG internal.PlatformDependent0 -sun.misc.Unsafe.theUnsafe: available
22:32:03.607 DEBUG internal.PlatformDependent0 -sun.misc.Unsafe.copyMemory: available
22:32:03.608 DEBUG internal.PlatformDependent0 -sun.misc.Unsafe.storeFence: available
22:32:03.609 DEBUG internal.PlatformDependent0 -java.nio.Buffer.address: available
22:32:03.610 DEBUG internal.PlatformDependent0 -direct buffer constructor: unavailable
java.lang.UnsupportedOperationException: Reflective setAccessible(true) disabled
	at io.netty.util.internal.ReflectionUtil.trySetAccessible(ReflectionUtil.java:31) ~[netty-common-4.1.84.Final.jar:4.1.84.Final]
	at io.netty.util.internal.PlatformDependent0$5.run(PlatformDependent0.java:288) ~[netty-common-4.1.84.Final.jar:4.1.84.Final]
	at java.security.AccessController.doPrivileged(AccessController.java:318) ~[?:?]
	at io.netty.util.internal.PlatformDependent0.<clinit>(PlatformDependent0.java:282) ~[netty-common-4.1.84.Final.jar:4.1.84.Final]
	at io.netty.util.internal.PlatformDependent.isAndroid(PlatformDependent.java:333) ~[netty-common-4.1.84.Final.jar:4.1.84.Final]
	at io.netty.util.internal.PlatformDependent.<clinit>(PlatformDependent.java:88) ~[netty-common-4.1.84.Final.jar:4.1.84.Final]
	at io.netty.util.HashedWheelTimer.<init>(HashedWheelTimer.java:114) ~[netty-common-4.1.84.Final.jar:4.1.84.Final]
	at io.netty.util.HashedWheelTimer.<init>(HashedWheelTimer.java:251) ~[netty-common-4.1.84.Final.jar:4.1.84.Final]
	at io.netty.util.HashedWheelTimer.<init>(HashedWheelTimer.java:224) ~[netty-common-4.1.84.Final.jar:4.1.84.Final]
	at io.netty.util.HashedWheelTimer.<init>(HashedWheelTimer.java:203) ~[netty-common-4.1.84.Final.jar:4.1.84.Final]
	at org.asynchttpclient.DefaultAsyncHttpClient.newNettyTimer(DefaultAsyncHttpClient.java:111) ~[async-http-client-2.12.3.jar:?]
	at org.asynchttpclient.DefaultAsyncHttpClient.<init>(DefaultAsyncHttpClient.java:90) ~[async-http-client-2.12.3.jar:?]
	at org.asynchttpclient.Dsl.asyncHttpClient(Dsl.java:32) ~[async-http-client-2.12.3.jar:?]
	at org.openqa.selenium.remote.http.netty.NettyClient.createHttpClient(NettyClient.java:94) ~[selenium-remote-driver-4.7.2.jar:?]
	at org.openqa.selenium.remote.http.netty.NettyClient.<clinit>(NettyClient.java:47) ~[selenium-remote-driver-4.7.2.jar:?]
	at org.openqa.selenium.remote.http.netty.NettyClient$Factory.createClient(NettyClient.java:135) ~[selenium-remote-driver-4.7.2.jar:?]
	at org.openqa.selenium.remote.HttpCommandExecutor.<init>(HttpCommandExecutor.java:107) ~[selenium-remote-driver-4.7.2.jar:?]
	at org.openqa.selenium.remote.HttpCommandExecutor.<init>(HttpCommandExecutor.java:94) ~[selenium-remote-driver-4.7.2.jar:?]
	at org.openqa.selenium.remote.HttpCommandExecutor.<init>(HttpCommandExecutor.java:85) ~[selenium-remote-driver-4.7.2.jar:?]
	at org.openqa.selenium.remote.service.DriverCommandExecutor.<init>(DriverCommandExecutor.java:80) ~[selenium-remote-driver-4.7.2.jar:?]
	at org.openqa.selenium.chromium.ChromiumDriverCommandExecutor.<init>(ChromiumDriverCommandExecutor.java:35) ~[selenium-chromium-driver-4.7.2.jar:?]
	at org.openqa.selenium.chrome.ChromeDriver$ChromeDriverCommandExecutor.<init>(ChromeDriver.java:94) ~[selenium-chrome-driver-4.7.2.jar:?]
	at org.openqa.selenium.chrome.ChromeDriver.<init>(ChromeDriver.java:82) ~[selenium-chrome-driver-4.7.2.jar:?]
	at org.openqa.selenium.chrome.ChromeDriver.<init>(ChromeDriver.java:71) ~[selenium-chrome-driver-4.7.2.jar:?]
	at com.wa.ModifiedOnline.BaseTestCases.WebDriverFactory.getDriver(WebDriverFactory.java:41) ~[test-classes/:?]
	at com.wa.ModifiedOnline.BaseTestCases.BaseTest.commonSetup(BaseTest.java:31) ~[test-classes/:?]
	at jdk.internal.reflect.NativeMethodAccessorImpl.invoke0(Native Method) ~[?:?]
	at jdk.internal.reflect.NativeMethodAccessorImpl.invoke(NativeMethodAccessorImpl.java:77) ~[?:?]
	at jdk.internal.reflect.DelegatingMethodAccessorImpl.invoke(DelegatingMethodAccessorImpl.java:43) ~[?:?]
	at java.lang.reflect.Method.invoke(Method.java:568) ~[?:?]
	at org.testng.internal.MethodInvocationHelper.invokeMethod(MethodInvocationHelper.java:133) ~[org.testng_7.4.0.r202105021533.jar:7.4.0]
	at org.testng.internal.MethodInvocationHelper.invokeMethodConsideringTimeout(MethodInvocationHelper.java:62) ~[org.testng_7.4.0.r202105021533.jar:7.4.0]
	at org.testng.internal.ConfigInvoker.invokeConfigurationMethod(ConfigInvoker.java:385) ~[org.testng_7.4.0.r202105021533.jar:7.4.0]
	at org.testng.internal.ConfigInvoker.invokeConfigurations(ConfigInvoker.java:321) ~[org.testng_7.4.0.r202105021533.jar:7.4.0]
	at org.testng.internal.TestMethodWorker.invokeBeforeClassMethods(TestMethodWorker.java:176) ~[org.testng_7.4.0.r202105021533.jar:7.4.0]
	at org.testng.internal.TestMethodWorker.run(TestMethodWorker.java:122) ~[org.testng_7.4.0.r202105021533.jar:7.4.0]
	at java.util.ArrayList.forEach(ArrayList.java:1511) ~[?:?]
	at org.testng.TestRunner.privateRun(TestRunner.java:794) ~[org.testng_7.4.0.r202105021533.jar:7.4.0]
	at org.testng.TestRunner.run(TestRunner.java:596) ~[org.testng_7.4.0.r202105021533.jar:7.4.0]
	at org.testng.SuiteRunner.runTest(SuiteRunner.java:377) ~[org.testng_7.4.0.r202105021533.jar:7.4.0]
	at org.testng.SuiteRunner.runSequentially(SuiteRunner.java:371) ~[org.testng_7.4.0.r202105021533.jar:7.4.0]
	at org.testng.SuiteRunner.privateRun(SuiteRunner.java:332) ~[org.testng_7.4.0.r202105021533.jar:7.4.0]
	at org.testng.SuiteRunner.run(SuiteRunner.java:276) ~[org.testng_7.4.0.r202105021533.jar:7.4.0]
	at org.testng.SuiteRunnerWorker.runSuite(SuiteRunnerWorker.java:53) ~[org.testng_7.4.0.r202105021533.jar:7.4.0]
	at org.testng.SuiteRunnerWorker.run(SuiteRunnerWorker.java:96) ~[org.testng_7.4.0.r202105021533.jar:7.4.0]
	at org.testng.TestNG.runSuitesSequentially(TestNG.java:1212) ~[org.testng_7.4.0.r202105021533.jar:7.4.0]
	at org.testng.TestNG.runSuitesLocally(TestNG.java:1134) ~[org.testng_7.4.0.r202105021533.jar:7.4.0]
	at org.testng.TestNG.runSuites(TestNG.java:1063) ~[org.testng_7.4.0.r202105021533.jar:7.4.0]
	at org.testng.TestNG.run(TestNG.java:1031) ~[org.testng_7.4.0.r202105021533.jar:7.4.0]
	at org.testng.remote.AbstractRemoteTestNG.run(AbstractRemoteTestNG.java:115) ~[testng-remote.jar:?]
	at org.testng.remote.RemoteTestNG.initAndRun(RemoteTestNG.java:251) ~[testng-remote.jar:?]
	at org.testng.remote.RemoteTestNG.main(RemoteTestNG.java:77) ~[testng-remote.jar:?]
22:32:03.629 DEBUG internal.PlatformDependent0 -java.nio.Bits.unaligned: available, true
22:32:03.631 DEBUG internal.PlatformDependent0 -jdk.internal.misc.Unsafe.allocateUninitializedArray(int): unavailable
java.lang.IllegalAccessException: class io.netty.util.internal.PlatformDependent0$7 cannot access class jdk.internal.misc.Unsafe (in module java.base) because module java.base does not export jdk.internal.misc to unnamed module @9f70c54
	at jdk.internal.reflect.Reflection.newIllegalAccessException(Reflection.java:392) ~[?:?]
	at java.lang.reflect.AccessibleObject.checkAccess(AccessibleObject.java:674) ~[?:?]
	at java.lang.reflect.Method.invoke(Method.java:560) ~[?:?]
	at io.netty.util.internal.PlatformDependent0$7.run(PlatformDependent0.java:410) ~[netty-common-4.1.84.Final.jar:4.1.84.Final]
	at java.security.AccessController.doPrivileged(AccessController.java:318) ~[?:?]
	at io.netty.util.internal.PlatformDependent0.<clinit>(PlatformDependent0.java:401) ~[netty-common-4.1.84.Final.jar:4.1.84.Final]
	at io.netty.util.internal.PlatformDependent.isAndroid(PlatformDependent.java:333) ~[netty-common-4.1.84.Final.jar:4.1.84.Final]
	at io.netty.util.internal.PlatformDependent.<clinit>(PlatformDependent.java:88) ~[netty-common-4.1.84.Final.jar:4.1.84.Final]
	at io.netty.util.HashedWheelTimer.<init>(HashedWheelTimer.java:114) ~[netty-common-4.1.84.Final.jar:4.1.84.Final]
	at io.netty.util.HashedWheelTimer.<init>(HashedWheelTimer.java:251) ~[netty-common-4.1.84.Final.jar:4.1.84.Final]
	at io.netty.util.HashedWheelTimer.<init>(HashedWheelTimer.java:224) ~[netty-common-4.1.84.Final.jar:4.1.84.Final]
	at io.netty.util.HashedWheelTimer.<init>(HashedWheelTimer.java:203) ~[netty-common-4.1.84.Final.jar:4.1.84.Final]
	at org.asynchttpclient.DefaultAsyncHttpClient.newNettyTimer(DefaultAsyncHttpClient.java:111) ~[async-http-client-2.12.3.jar:?]
	at org.asynchttpclient.DefaultAsyncHttpClient.<init>(DefaultAsyncHttpClient.java:90) ~[async-http-client-2.12.3.jar:?]
	at org.asynchttpclient.Dsl.asyncHttpClient(Dsl.java:32) ~[async-http-client-2.12.3.jar:?]
	at org.openqa.selenium.remote.http.netty.NettyClient.createHttpClient(NettyClient.java:94) ~[selenium-remote-driver-4.7.2.jar:?]
	at org.openqa.selenium.remote.http.netty.NettyClient.<clinit>(NettyClient.java:47) ~[selenium-remote-driver-4.7.2.jar:?]
	at org.openqa.selenium.remote.http.netty.NettyClient$Factory.createClient(NettyClient.java:135) ~[selenium-remote-driver-4.7.2.jar:?]
	at org.openqa.selenium.remote.HttpCommandExecutor.<init>(HttpCommandExecutor.java:107) ~[selenium-remote-driver-4.7.2.jar:?]
	at org.openqa.selenium.remote.HttpCommandExecutor.<init>(HttpCommandExecutor.java:94) ~[selenium-remote-driver-4.7.2.jar:?]
	at org.openqa.selenium.remote.HttpCommandExecutor.<init>(HttpCommandExecutor.java:85) ~[selenium-remote-driver-4.7.2.jar:?]
	at org.openqa.selenium.remote.service.DriverCommandExecutor.<init>(DriverCommandExecutor.java:80) ~[selenium-remote-driver-4.7.2.jar:?]
	at org.openqa.selenium.chromium.ChromiumDriverCommandExecutor.<init>(ChromiumDriverCommandExecutor.java:35) ~[selenium-chromium-driver-4.7.2.jar:?]
	at org.openqa.selenium.chrome.ChromeDriver$ChromeDriverCommandExecutor.<init>(ChromeDriver.java:94) ~[selenium-chrome-driver-4.7.2.jar:?]
	at org.openqa.selenium.chrome.ChromeDriver.<init>(ChromeDriver.java:82) ~[selenium-chrome-driver-4.7.2.jar:?]
	at org.openqa.selenium.chrome.ChromeDriver.<init>(ChromeDriver.java:71) ~[selenium-chrome-driver-4.7.2.jar:?]
	at com.wa.ModifiedOnline.BaseTestCases.WebDriverFactory.getDriver(WebDriverFactory.java:41) ~[test-classes/:?]
	at com.wa.ModifiedOnline.BaseTestCases.BaseTest.commonSetup(BaseTest.java:31) ~[test-classes/:?]
	at jdk.internal.reflect.NativeMethodAccessorImpl.invoke0(Native Method) ~[?:?]
	at jdk.internal.reflect.NativeMethodAccessorImpl.invoke(NativeMethodAccessorImpl.java:77) ~[?:?]
	at jdk.internal.reflect.DelegatingMethodAccessorImpl.invoke(DelegatingMethodAccessorImpl.java:43) ~[?:?]
	at java.lang.reflect.Method.invoke(Method.java:568) ~[?:?]
	at org.testng.internal.MethodInvocationHelper.invokeMethod(MethodInvocationHelper.java:133) ~[org.testng_7.4.0.r202105021533.jar:7.4.0]
	at org.testng.internal.MethodInvocationHelper.invokeMethodConsideringTimeout(MethodInvocationHelper.java:62) ~[org.testng_7.4.0.r202105021533.jar:7.4.0]
	at org.testng.internal.ConfigInvoker.invokeConfigurationMethod(ConfigInvoker.java:385) ~[org.testng_7.4.0.r202105021533.jar:7.4.0]
	at org.testng.internal.ConfigInvoker.invokeConfigurations(ConfigInvoker.java:321) ~[org.testng_7.4.0.r202105021533.jar:7.4.0]
	at org.testng.internal.TestMethodWorker.invokeBeforeClassMethods(TestMethodWorker.java:176) ~[org.testng_7.4.0.r202105021533.jar:7.4.0]
	at org.testng.internal.TestMethodWorker.run(TestMethodWorker.java:122) ~[org.testng_7.4.0.r202105021533.jar:7.4.0]
	at java.util.ArrayList.forEach(ArrayList.java:1511) ~[?:?]
	at org.testng.TestRunner.privateRun(TestRunner.java:794) ~[org.testng_7.4.0.r202105021533.jar:7.4.0]
	at org.testng.TestRunner.run(TestRunner.java:596) ~[org.testng_7.4.0.r202105021533.jar:7.4.0]
	at org.testng.SuiteRunner.runTest(SuiteRunner.java:377) ~[org.testng_7.4.0.r202105021533.jar:7.4.0]
	at org.testng.SuiteRunner.runSequentially(SuiteRunner.java:371) ~[org.testng_7.4.0.r202105021533.jar:7.4.0]
	at org.testng.SuiteRunner.privateRun(SuiteRunner.java:332) ~[org.testng_7.4.0.r202105021533.jar:7.4.0]
	at org.testng.SuiteRunner.run(SuiteRunner.java:276) ~[org.testng_7.4.0.r202105021533.jar:7.4.0]
	at org.testng.SuiteRunnerWorker.runSuite(SuiteRunnerWorker.java:53) ~[org.testng_7.4.0.r202105021533.jar:7.4.0]
	at org.testng.SuiteRunnerWorker.run(SuiteRunnerWorker.java:96) ~[org.testng_7.4.0.r202105021533.jar:7.4.0]
	at org.testng.TestNG.runSuitesSequentially(TestNG.java:1212) ~[org.testng_7.4.0.r202105021533.jar:7.4.0]
	at org.testng.TestNG.runSuitesLocally(TestNG.java:1134) ~[org.testng_7.4.0.r202105021533.jar:7.4.0]
	at org.testng.TestNG.runSuites(TestNG.java:1063) ~[org.testng_7.4.0.r202105021533.jar:7.4.0]
	at org.testng.TestNG.run(TestNG.java:1031) ~[org.testng_7.4.0.r202105021533.jar:7.4.0]
	at org.testng.remote.AbstractRemoteTestNG.run(AbstractRemoteTestNG.java:115) ~[testng-remote.jar:?]
	at org.testng.remote.RemoteTestNG.initAndRun(RemoteTestNG.java:251) ~[testng-remote.jar:?]
	at org.testng.remote.RemoteTestNG.main(RemoteTestNG.java:77) ~[testng-remote.jar:?]
22:32:03.635 DEBUG internal.PlatformDependent0 -java.nio.DirectByteBuffer.<init>(long, int): unavailable
22:32:03.635 DEBUG internal.PlatformDependent -sun.misc.Unsafe: available
22:32:03.636 DEBUG internal.PlatformDependent -maxDirectMemory: 1574961152 bytes (maybe)
22:32:03.636 DEBUG internal.PlatformDependent --Dio.netty.tmpdir: C:\Users\LENOVO\AppData\Local\Temp (java.io.tmpdir)
22:32:03.637 DEBUG internal.PlatformDependent --Dio.netty.bitMode: 64 (sun.arch.data.model)
22:32:03.637 DEBUG internal.PlatformDependent -Platform: Windows
22:32:03.638 DEBUG internal.PlatformDependent --Dio.netty.maxDirectMemory: -1 bytes
22:32:03.638 DEBUG internal.PlatformDependent --Dio.netty.uninitializedArrayAllocationThreshold: -1
22:32:03.640 DEBUG internal.CleanerJava9 -java.nio.ByteBuffer.cleaner(): available
22:32:03.641 DEBUG internal.PlatformDependent --Dio.netty.noPreferDirect: false
22:32:03.651 DEBUG internal.PlatformDependent -org.jctools-core.MpscChunkedArrayQueue: available
22:32:03.681 DEBUG internal.InternalThreadLocalMap --Dio.netty.threadLocalMap.stringBuilder.initialSize: 1024
22:32:03.682 DEBUG internal.InternalThreadLocalMap --Dio.netty.threadLocalMap.stringBuilder.maxSize: 4096
22:32:03.903 DEBUG ssl.JdkSslContext -Default protocols (JDK): [TLSv1.3, TLSv1.2] 
22:32:03.903 DEBUG ssl.JdkSslContext -Default cipher suites (JDK): [TLS_ECDHE_ECDSA_WITH_AES_256_GCM_SHA384, TLS_ECDHE_ECDSA_WITH_AES_128_GCM_SHA256, TLS_ECDHE_RSA_WITH_AES_128_GCM_SHA256, TLS_ECDHE_RSA_WITH_AES_256_GCM_SHA384, TLS_ECDHE_RSA_WITH_AES_128_CBC_SHA, TLS_ECDHE_RSA_WITH_AES_256_CBC_SHA, TLS_RSA_WITH_AES_128_GCM_SHA256, TLS_RSA_WITH_AES_128_CBC_SHA, TLS_RSA_WITH_AES_256_CBC_SHA, TLS_AES_128_GCM_SHA256, TLS_AES_256_GCM_SHA384]
22:32:03.946 DEBUG channel.MultithreadEventLoopGroup --Dio.netty.eventLoopThreads: 24
22:32:03.962 DEBUG nio.NioEventLoop --Dio.netty.noKeySetOptimization: false
22:32:03.962 DEBUG nio.NioEventLoop --Dio.netty.selectorAutoRebuildThreshold: 512
22:32:03.987 TRACE nio.NioEventLoop -instrumented a special java.util.Set into: sun.nio.ch.WEPollSelectorImpl@6c298dc
22:32:03.991 TRACE nio.NioEventLoop -instrumented a special java.util.Set into: sun.nio.ch.WEPollSelectorImpl@28a6301f
22:32:03.993 TRACE nio.NioEventLoop -instrumented a special java.util.Set into: sun.nio.ch.WEPollSelectorImpl@2c306a57
22:32:03.994 TRACE nio.NioEventLoop -instrumented a special java.util.Set into: sun.nio.ch.WEPollSelectorImpl@773e2eb5
22:32:03.997 TRACE nio.NioEventLoop -instrumented a special java.util.Set into: sun.nio.ch.WEPollSelectorImpl@d8948cd
22:32:03.999 TRACE nio.NioEventLoop -instrumented a special java.util.Set into: sun.nio.ch.WEPollSelectorImpl@1436a7ab
22:32:04.001 TRACE nio.NioEventLoop -instrumented a special java.util.Set into: sun.nio.ch.WEPollSelectorImpl@3b7b05a8
22:32:04.003 TRACE nio.NioEventLoop -instrumented a special java.util.Set into: sun.nio.ch.WEPollSelectorImpl@3d36dff4
22:32:04.004 TRACE nio.NioEventLoop -instrumented a special java.util.Set into: sun.nio.ch.WEPollSelectorImpl@7abe27bf
22:32:04.006 TRACE nio.NioEventLoop -instrumented a special java.util.Set into: sun.nio.ch.WEPollSelectorImpl@5b94ccbc
22:32:04.008 TRACE nio.NioEventLoop -instrumented a special java.util.Set into: sun.nio.ch.WEPollSelectorImpl@38a1c423
22:32:04.010 TRACE nio.NioEventLoop -instrumented a special java.util.Set into: sun.nio.ch.WEPollSelectorImpl@336365bc
22:32:04.012 TRACE nio.NioEventLoop -instrumented a special java.util.Set into: sun.nio.ch.WEPollSelectorImpl@38eb2fb0
22:32:04.014 TRACE nio.NioEventLoop -instrumented a special java.util.Set into: sun.nio.ch.WEPollSelectorImpl@4567e53d
22:32:04.016 TRACE nio.NioEventLoop -instrumented a special java.util.Set into: sun.nio.ch.WEPollSelectorImpl@7351a16e
22:32:04.018 TRACE nio.NioEventLoop -instrumented a special java.util.Set into: sun.nio.ch.WEPollSelectorImpl@5bb7643d
22:32:04.019 TRACE nio.NioEventLoop -instrumented a special java.util.Set into: sun.nio.ch.WEPollSelectorImpl@3ac04654
22:32:04.021 TRACE nio.NioEventLoop -instrumented a special java.util.Set into: sun.nio.ch.WEPollSelectorImpl@4074023c
22:32:04.024 TRACE nio.NioEventLoop -instrumented a special java.util.Set into: sun.nio.ch.WEPollSelectorImpl@3ed0918d
22:32:04.025 TRACE nio.NioEventLoop -instrumented a special java.util.Set into: sun.nio.ch.WEPollSelectorImpl@5e268ce6
22:32:04.028 TRACE nio.NioEventLoop -instrumented a special java.util.Set into: sun.nio.ch.WEPollSelectorImpl@66ec9390
22:32:04.031 TRACE nio.NioEventLoop -instrumented a special java.util.Set into: sun.nio.ch.WEPollSelectorImpl@6e91893
22:32:04.034 TRACE nio.NioEventLoop -instrumented a special java.util.Set into: sun.nio.ch.WEPollSelectorImpl@3c0fbd3a
22:32:04.036 TRACE nio.NioEventLoop -instrumented a special java.util.Set into: sun.nio.ch.WEPollSelectorImpl@562457e1
22:32:04.067 DEBUG buffer.PooledByteBufAllocator --Dio.netty.allocator.numHeapArenas: 24
22:32:04.067 DEBUG buffer.PooledByteBufAllocator --Dio.netty.allocator.numDirectArenas: 24
22:32:04.067 DEBUG buffer.PooledByteBufAllocator --Dio.netty.allocator.pageSize: 8192
22:32:04.067 DEBUG buffer.PooledByteBufAllocator --Dio.netty.allocator.maxOrder: 9
22:32:04.067 DEBUG buffer.PooledByteBufAllocator --Dio.netty.allocator.chunkSize: 4194304
22:32:04.068 DEBUG buffer.PooledByteBufAllocator --Dio.netty.allocator.smallCacheSize: 256
22:32:04.068 DEBUG buffer.PooledByteBufAllocator --Dio.netty.allocator.normalCacheSize: 64
22:32:04.068 DEBUG buffer.PooledByteBufAllocator --Dio.netty.allocator.maxCachedBufferCapacity: 32768
22:32:04.068 DEBUG buffer.PooledByteBufAllocator --Dio.netty.allocator.cacheTrimInterval: 8192
22:32:04.068 DEBUG buffer.PooledByteBufAllocator --Dio.netty.allocator.cacheTrimIntervalMillis: 0
22:32:04.068 DEBUG buffer.PooledByteBufAllocator --Dio.netty.allocator.useCacheForAllThreads: false
22:32:04.068 DEBUG buffer.PooledByteBufAllocator --Dio.netty.allocator.maxCachedByteBuffersPerChunk: 1023
22:32:04.082 DEBUG buffer.ByteBufUtil --Dio.netty.allocator.type: pooled
22:32:04.083 DEBUG buffer.ByteBufUtil --Dio.netty.threadLocalDirectBufferSize: 0
22:32:04.083 DEBUG buffer.ByteBufUtil --Dio.netty.maxThreadLocalCharBufferSize: 16384
22:32:04.469 DEBUG channel.DefaultChannelId --Dio.netty.processId: 91584 (auto-detected)
22:32:04.472 DEBUG util.NetUtil --Djava.net.preferIPv4Stack: false
22:32:04.473 DEBUG util.NetUtil --Djava.net.preferIPv6Addresses: false
22:32:04.481 DEBUG util.NetUtilInitializations -Loopback interface: lo (Software Loopback Interface 1, 127.0.0.1)
22:32:04.483 DEBUG util.NetUtil -Failed to get SOMAXCONN from sysctl and file \proc\sys\net\core\somaxconn. Default: 200
22:32:04.501 DEBUG channel.DefaultChannelId --Dio.netty.machineId: 00:45:e2:ff:fe:82:f7:93 (auto-detected)
22:32:04.576 DEBUG buffer.AbstractByteBuf --Dio.netty.buffer.checkAccessible: true
22:32:04.576 DEBUG buffer.AbstractByteBuf --Dio.netty.buffer.checkBounds: true
22:32:04.576 DEBUG util.ResourceLeakDetectorFactory -Loaded default ResourceLeakDetector: io.netty.util.ResourceLeakDetector@747bba0
22:32:04.599 DEBUG util.Recycler --Dio.netty.recycler.maxCapacityPerThread: 4096
22:32:04.599 DEBUG util.Recycler --Dio.netty.recycler.ratio: 8
22:32:04.599 DEBUG util.Recycler --Dio.netty.recycler.chunkSize: 32
22:32:04.599 DEBUG util.Recycler --Dio.netty.recycler.blocking: false
22:32:05.793 DEBUG compression.Brotli -brotli4j not in the classpath; Brotli support will be unavailable.
22:32:05.935 DEBUG internal.ThreadLocalRandom --Dio.netty.initialSeedUniquifier: 0xed737c937c5b1f68
22:32:10.098 INFO  BaseClasses.CustomDriver -waiting for max:: 2 seconds for element to visible
22:32:10.137 INFO  BaseClasses.CustomDriver -element is visible on webpage
22:32:10.188 INFO  BaseClasses.CustomDriver -clicked on clicked on login
22:32:10.316 INFO  BaseClasses.CustomDriver -clicked on click on login with email
22:32:10.493 DEBUG opc.PackageRelationshipCollection -Parsing relationship: /xl/_rels/workbook.xml.rels
22:32:10.496 DEBUG opc.PackageRelationshipCollection -Parsing relationship: /_rels/.rels
22:32:10.725 TRACE common.XBeanDebug -Loading type system org.apache.poi.schemas.ooxml.system.ooxml
22:32:10.729 TRACE common.XBeanDebug -Loading type system org.apache.xmlbeans.metadata.system.sXMLCONFIG
22:32:10.730 TRACE common.XBeanDebug -Loading type system org.apache.xmlbeans.metadata.system.sXMLLANG
22:32:10.730 TRACE common.XBeanDebug -Loading type system org.apache.xmlbeans.metadata.system.sXMLSCHEMA
22:32:10.731 TRACE common.XBeanDebug -Loading type system org.apache.xmlbeans.metadata.system.sXMLTOOLS
22:32:10.731 TRACE common.XBeanDebug -Reading unresolved handles for type system org.apache.xmlbeans.metadata.system.sXMLTOOLS
22:32:10.752 TRACE common.XBeanDebug -Finished loading type system org.apache.xmlbeans.metadata.system.sXMLTOOLS
22:32:10.753 TRACE common.XBeanDebug -Reading unresolved handles for type system org.apache.xmlbeans.metadata.system.sXMLSCHEMA
22:32:10.758 TRACE common.XBeanDebug -Finished loading type system org.apache.xmlbeans.metadata.system.sXMLSCHEMA
22:32:10.758 TRACE common.XBeanDebug -Reading unresolved handles for type system org.apache.xmlbeans.metadata.system.sXMLLANG
22:32:10.758 TRACE common.XBeanDebug -Finished loading type system org.apache.xmlbeans.metadata.system.sXMLLANG
22:32:10.758 TRACE common.XBeanDebug -Reading unresolved handles for type system org.apache.xmlbeans.metadata.system.sXMLCONFIG
22:32:10.762 TRACE common.XBeanDebug -Finished loading type system org.apache.xmlbeans.metadata.system.sXMLCONFIG
22:32:10.762 TRACE common.XBeanDebug -Reading unresolved handles for type system org.apache.poi.schemas.ooxml.system.ooxml
22:32:10.829 TRACE common.XBeanDebug -Finished loading type system org.apache.poi.schemas.ooxml.system.ooxml
22:32:10.831 TRACE common.XBeanDebug -Resolving type for handle themefd26doctype
22:32:10.911 TRACE common.XBeanDebug -Resolving type for handle stylesheet5d8bdoctype
22:32:10.917 TRACE common.XBeanDebug -Resolving type for handle ctstylesheet4257type
22:32:10.923 TRACE common.XBeanDebug -Resolving type for handle ctfonts6623type
22:32:10.928 TRACE common.XBeanDebug -Resolving type for handle ctfont14d8type
22:32:10.934 TRACE common.XBeanDebug -Resolving type for handle ctfills2c6ftype
22:32:10.938 TRACE common.XBeanDebug -Resolving type for handle ctfill550ctype
22:32:10.942 TRACE common.XBeanDebug -Resolving type for handle ctborders0d66type
22:32:10.947 TRACE common.XBeanDebug -Resolving type for handle ctborderf935type
22:32:10.951 TRACE common.XBeanDebug -Resolving type for handle ctcellxfs1322type
22:32:10.955 TRACE common.XBeanDebug -Resolving type for handle ctxf97f7type
22:32:10.959 TRACE common.XBeanDebug -Resolving type for handle ctcellstylexfsa81ftype
22:32:10.962 TRACE common.XBeanDebug -Resolving type for handle ctdxfsb26atype
22:32:10.967 TRACE common.XBeanDebug -Resolving type for handle cttablestyles872ftype
22:32:10.974 TRACE common.XBeanDebug -Resolving type for handle sstf81fdoctype
22:32:10.979 TRACE common.XBeanDebug -Resolving type for handle ctsst44f3type
22:32:10.992 TRACE common.XBeanDebug -Resolving type for handle ctrsta472type
22:32:11.014 TRACE common.XBeanDebug -Resolving type for handle workbookec17doctype
22:32:11.021 TRACE common.XBeanDebug -Resolving type for handle ctworkbook83c3type
22:32:11.025 TRACE common.XBeanDebug -Resolving type for handle ctsheets49fdtype
22:32:11.031 TRACE common.XBeanDebug -Resolving type for handle ctsheet4dbetype
22:32:11.034 TRACE common.XBeanDebug -Resolving type for handle strelationshipid1e94type
22:32:11.036 TRACE common.XBeanDebug -Resolving type for handle worksheetf539doctype
22:32:11.042 TRACE common.XBeanDebug -Resolving type for handle ctworksheet530dtype
22:32:11.042 TRACE common.XBeanDebug -Resolving type for handle ctsheetdata8408type
22:32:11.055 TRACE common.XBeanDebug -Resolving type for handle ctrowdd39type
22:32:11.061 TRACE common.XBeanDebug -Resolving type for handle ctcell842btype
22:32:11.072 TRACE common.XBeanDebug -Resolving type for handle stcellrefe4e0type
22:32:11.075 TRACE common.XBeanDebug -Resolving type for handle ctcols627ctype
22:32:11.101 TRACE common.XBeanDebug -Resolving type for handle stxstringf179type
22:32:11.107 TRACE common.XBeanDebug -Resolving type for handle stcelltypebf95type
22:32:11.289 INFO  BaseClasses.CustomDriver -send keys on element :: email with data kirankatkar3317@gmail.com
22:32:11.506 INFO  BaseClasses.CustomDriver -send keys on element :: password with data Kiran@3317
22:32:12.277 INFO  BaseClasses.CustomDriver -waiting for max:: 5 seconds for element to visible
22:32:12.310 INFO  BaseClasses.CustomDriver -element is visible on webpage
22:32:12.332 INFO  BaseClasses.CustomDriver -element :: account logo displayed is displayed
22:32:12.388 INFO  BaseClasses.CustomDriver -clicked on clicked on joblink
22:32:12.527 INFO  BaseClasses.CustomDriver -clicked on click on filter button
22:32:12.549 INFO  BaseClasses.CustomDriver -waiting for max:: 2 seconds for element to clickable
22:32:12.601 INFO  BaseClasses.CustomDriver -wait for 2 seconds to clicked on element is successfulfilter company dropdown
22:32:12.699 INFO  BaseClasses.CustomDriver -send keys on element :: filter company dropdownwith data ma
22:32:15.749 ERROR BaseClasses.CustomDriver -element not found with ::By.xpath=>//span[normalize-space()='InsideIIM']
22:32:15.755 INFO  BaseClasses.CustomDriver -waiting for max:: 2 seconds for element to visible
22:32:15.755 ERROR BaseClasses.CustomDriver -element not appeared on webpage
22:32:18.799 ERROR BaseClasses.CustomDriver -element not found with ::By.xpath=>//span[normalize-space()='InsideIIM']
